\BOOKMARK [0][-]{chapter.1}{\376\377\000S\000T\000A\000R\000\040\000s\000c\000h\000e\000d\000u\000l\000e\000r\000-\000U\000s\000e\000r\000\040\000M\000a\000n\000u\000a\000l}{}% 1
\BOOKMARK [1][-]{section.1.1}{\376\377\000I\000n\000t\000r\000o\000d\000u\000c\000t\000i\000o\000n}{chapter.1}% 2
\BOOKMARK [1][-]{section.1.2}{\376\377\000A\000n\000\040\000e\000x\000a\000m\000p\000l\000e}{chapter.1}% 3
\BOOKMARK [1][-]{section.1.3}{\376\377\000J\000o\000b\000\040\000d\000e\000s\000c\000r\000i\000p\000t\000i\000o\000n\000\040\000s\000p\000e\000c\000i\000f\000i\000c\000a\000t\000i\000o\000n}{chapter.1}% 4
\BOOKMARK [0][-]{chapter.2}{\376\377\131\107\137\002\174\222\133\120\000\050\000K\0000\000S\000,\000\040\000+\000,\000\040\000-\000+\000+\000\051\166\204\221\315\147\204}{}% 5
\BOOKMARK [1][-]{section.2.1}{\376\377\116\313\176\315}{chapter.2}% 6
\BOOKMARK [1][-]{section.2.2}{\376\377\000N\000u\000c\000l\000e\000u\000s\000-\000N\000u\000c\000l\000e\000u\000s\000\040\000C\000o\000l\000l\000i\000s\000i\000o\000n\000s\000\040\000D\000y\000n\000a\000m\000i\000c\000s}{chapter.2}% 7
\BOOKMARK [1][-]{section.2.3}{\376\377\000C\000o\000l\000l\000i\000s\000i\000o\000n\000\040\000G\000e\000o\000m\000e\000t\000r\000y}{chapter.2}% 8
\BOOKMARK [1][-]{section.2.4}{\376\377\000T\000r\000a\000n\000s\000v\000e\000r\000s\000e\000\040\000M\000a\000s\000s\000\050\000M\000o\000m\000e\000n\000t\000u\000m\000\051\000\040\000S\000p\000e\000c\000t\000r\000a}{chapter.2}% 9
\BOOKMARK [1][-]{section.2.5}{\376\377\150\070\166\204\117\356\153\143\126\340\133\120\000R\000C\000P\124\214\000R\000A\000A}{chapter.2}% 10
\BOOKMARK [1][-]{section.2.6}{\376\377\000E\000h\000a\000n\000c\000e\000m\000e\000n\000t\000\040\000o\000f\000\040\000S\000t\000r\000a\000n\000g\000e\000\040\000H\000a\000d\000r\000o\000n\000s}{chapter.2}% 11
\BOOKMARK [1][-]{section.2.7}{\376\377\143\242\155\113\126\150}{chapter.2}% 12
\BOOKMARK [1][-]{section.2.8}{\376\377\122\006\147\220\145\271\154\325}{chapter.2}% 13
\BOOKMARK [1][-]{section.2.9}{\376\377\000M\000a\000s\000s\000\040\000w\000i\000d\000t\000h\000\040\000a\000n\000d\000\040\000s\000h\000i\000f\000t}{chapter.2}% 14
\BOOKMARK [1][-]{section.2.10}{\376\377\000-\000+\166\204\221\315\147\204}{chapter.2}% 15
\BOOKMARK [0][-]{chapter.3}{\376\377\173\054\116\011\172\340}{}% 16
\BOOKMARK [1][-]{section.3.1}{\376\377\134\017\202\202}{chapter.3}% 17
\BOOKMARK [0][-]{chapter.4}{\376\377\173\054\126\333\172\340}{}% 18
\BOOKMARK [1][-]{section.4.1}{\376\377\134\017\202\202}{chapter.4}% 19
\BOOKMARK [0][-]{chapter.5}{\376\377\173\054\116\224\172\340}{}% 20
\BOOKMARK [1][-]{section.5.1}{\376\377\134\017\202\202}{chapter.5}% 21
\BOOKMARK [0][-]{chapter.6}{\376\377\121\163\200\124\116\113\000H\000B\000T}{}% 22
\BOOKMARK [1][-]{section.6.1}{\376\377\136\162\155\211\133\146\116\313\176\315}{chapter.6}% 23
\BOOKMARK [1][-]{section.6.2}{\376\377\121\163\200\124\121\375\145\160}{chapter.6}% 24
\BOOKMARK [1][-]{section.6.3}{\376\377\232\330\145\257\160\355\156\220\152\041\142\337}{chapter.6}% 25
\BOOKMARK [1][-]{section.6.4}{\376\377\123\237\164\006}{chapter.6}% 26
\BOOKMARK [1][-]{section.6.5}{\376\377\000T\000h\000e\000o\000r\000y\000\040\000o\000f\000\040\000I\000d\000e\000n\000t\000i\000c\000a\000l\000\040\000B\000o\000s\000o\000n\000\040\000I\000n\000t\000e\000r\000f\000e\000r\000o\000m\000e\000t\000r\000y}{chapter.6}% 27
\BOOKMARK [1][-]{section.6.6}{\376\377\000P\000i\000o\000n\000\040\000f\000i\000e\000l\000d\000\040\000O\000p\000e\000r\000a\000t\000o\000r\000s}{chapter.6}% 28
\BOOKMARK [1][-]{section.6.7}{\376\377\000C\000o\000r\000r\000e\000l\000a\000t\000i\000o\000n\000\040\000f\000u\000n\000c\000t\000i\000o\000n\000\040\000p\000a\000r\000a\000m\000e\000t\000e\000r\000i\000z\000a\000t\000i\000o\000n\000s\000\040\000Q\000i\000n\000v}{chapter.6}% 29
\BOOKMARK [1][-]{section.6.8}{\376\377\000P\000r\000a\000t\000t\000\040\000a\000n\000d\000\040\000B\000e\000r\000t\000s\000c\000h\000\040\123\302\145\160\123\026}{chapter.6}% 30
\BOOKMARK [0][-]{chapter.7}{\376\377\226\306\117\123\155\101}{}% 31
\BOOKMARK [1][-]{section.7.1}{\376\377\000c\000u\000m\000u\000l\000a\000n\000t\000\040\000m\000e\000t\000h\000o\000d}{chapter.7}% 32
\BOOKMARK [0][-]{chapter.8}{\376\377\000R\000H\000I\000C\133\236\232\214\213\276\131\007}{}% 33
\BOOKMARK [1][-]{section.8.1}{\376\377\122\240\220\037\126\150\213\276\131\007}{chapter.8}% 34
\BOOKMARK [1][-]{section.8.2}{\376\377\000S\000T\000A\000R\000\040\000D\000e\000t\000e\000c\000t\000o\000r}{chapter.8}% 35
\BOOKMARK [0][-]{chapter.9}{\376\377\226\366\170\216\167\345\213\306}{}% 36
\BOOKMARK [1][-]{section.9.1}{\376\377\170\260\144\236\166\204\227\136\137\071\171\315\174\173}{chapter.9}% 37
\BOOKMARK [1][-]{section.9.2}{\376\377\000V\0000\000\040\000d\000e\000c\000a\000y\000s}{chapter.9}% 38
\BOOKMARK [1][-]{section.9.3}{\376\377\210\160\123\330\162\171\140\047}{chapter.9}% 39
\BOOKMARK [0][-]{chapter.10}{\376\377\226\104\137\125}{}% 40
\BOOKMARK [1][-]{section.10.1}{\376\377\226\104\137\125\000A\000:}{chapter.10}% 41
