000 (2046551.000.000) 03/19 22:11:08 Job submitted from host: <130.199.206.138:9618?addrs=130.199.206.138-9618&noUDP&sock=7204_1315_4>
...
001 (2046551.000.000) 03/19 22:11:46 Job executing on host: <130.199.203.4:9618?addrs=130.199.203.4-9618&noUDP&sock=60435_0398_3>
...
006 (2046551.000.000) 03/19 22:11:55 Image size of job updated: 173140
	144  -  MemoryUsage of job (MB)
	146792  -  ResidentSetSize of job (KB)
...
006 (2046551.000.000) 03/19 22:16:56 Image size of job updated: 916128
	869  -  MemoryUsage of job (MB)
	889664  -  ResidentSetSize of job (KB)
...
006 (2046551.000.000) 03/19 22:21:57 Image size of job updated: 920080
	873  -  MemoryUsage of job (MB)
	893616  -  ResidentSetSize of job (KB)
...
006 (2046551.000.000) 03/19 22:26:57 Image size of job updated: 922452
	875  -  MemoryUsage of job (MB)
	895988  -  ResidentSetSize of job (KB)
...
006 (2046551.000.000) 03/19 22:31:58 Image size of job updated: 922460
	875  -  MemoryUsage of job (MB)
	895996  -  ResidentSetSize of job (KB)
...
006 (2046551.000.000) 03/19 22:36:59 Image size of job updated: 922572
	875  -  MemoryUsage of job (MB)
	895996  -  ResidentSetSize of job (KB)
...
006 (2046551.000.000) 03/19 22:41:59 Image size of job updated: 922744
	875  -  MemoryUsage of job (MB)
	895996  -  ResidentSetSize of job (KB)
...
006 (2046551.000.000) 03/19 22:47:00 Image size of job updated: 922868
	875  -  MemoryUsage of job (MB)
	895996  -  ResidentSetSize of job (KB)
...
006 (2046551.000.000) 03/19 22:52:01 Image size of job updated: 926876
	878  -  MemoryUsage of job (MB)
	898360  -  ResidentSetSize of job (KB)
...
006 (2046551.000.000) 03/19 22:57:01 Image size of job updated: 926880
	878  -  MemoryUsage of job (MB)
	898360  -  ResidentSetSize of job (KB)
...
006 (2046551.000.000) 03/20 00:47:11 Image size of job updated: 926880
	881  -  MemoryUsage of job (MB)
	901268  -  ResidentSetSize of job (KB)
...
006 (2046551.000.000) 03/20 00:57:12 Image size of job updated: 926880
	883  -  MemoryUsage of job (MB)
	903396  -  ResidentSetSize of job (KB)
...
006 (2046551.000.000) 03/20 01:02:13 Image size of job updated: 926880
	883  -  MemoryUsage of job (MB)
	903412  -  ResidentSetSize of job (KB)
...
006 (2046551.000.000) 03/20 01:07:13 Image size of job updated: 926880
	883  -  MemoryUsage of job (MB)
	903424  -  ResidentSetSize of job (KB)
...
006 (2046551.000.000) 03/20 01:12:13 Image size of job updated: 926880
	883  -  MemoryUsage of job (MB)
	903436  -  ResidentSetSize of job (KB)
...
006 (2046551.000.000) 03/20 01:22:14 Image size of job updated: 926880
	883  -  MemoryUsage of job (MB)
	903456  -  ResidentSetSize of job (KB)
...
006 (2046551.000.000) 03/20 01:32:15 Image size of job updated: 926880
	883  -  MemoryUsage of job (MB)
	903472  -  ResidentSetSize of job (KB)
...
006 (2046551.000.000) 03/20 01:37:15 Image size of job updated: 926880
	883  -  MemoryUsage of job (MB)
	903484  -  ResidentSetSize of job (KB)
...
006 (2046551.000.000) 03/20 01:42:15 Image size of job updated: 926880
	883  -  MemoryUsage of job (MB)
	903488  -  ResidentSetSize of job (KB)
...
006 (2046551.000.000) 03/20 01:47:16 Image size of job updated: 926880
	883  -  MemoryUsage of job (MB)
	903504  -  ResidentSetSize of job (KB)
...
006 (2046551.000.000) 03/20 01:52:17 Image size of job updated: 926880
	883  -  MemoryUsage of job (MB)
	903512  -  ResidentSetSize of job (KB)
...
006 (2046551.000.000) 03/20 01:57:17 Image size of job updated: 926880
	883  -  MemoryUsage of job (MB)
	903520  -  ResidentSetSize of job (KB)
...
006 (2046551.000.000) 03/20 02:02:18 Image size of job updated: 926880
	883  -  MemoryUsage of job (MB)
	903528  -  ResidentSetSize of job (KB)
...
006 (2046551.000.000) 03/20 02:07:19 Image size of job updated: 926880
	883  -  MemoryUsage of job (MB)
	903540  -  ResidentSetSize of job (KB)
...
006 (2046551.000.000) 03/20 02:12:19 Image size of job updated: 926880
	883  -  MemoryUsage of job (MB)
	903552  -  ResidentSetSize of job (KB)
...
006 (2046551.000.000) 03/20 02:17:20 Image size of job updated: 926880
	883  -  MemoryUsage of job (MB)
	903564  -  ResidentSetSize of job (KB)
...
006 (2046551.000.000) 03/20 02:22:21 Image size of job updated: 926880
	883  -  MemoryUsage of job (MB)
	903576  -  ResidentSetSize of job (KB)
...
006 (2046551.000.000) 03/20 02:27:21 Image size of job updated: 926880
	883  -  MemoryUsage of job (MB)
	903584  -  ResidentSetSize of job (KB)
...
006 (2046551.000.000) 03/20 02:32:21 Image size of job updated: 926880
	883  -  MemoryUsage of job (MB)
	903600  -  ResidentSetSize of job (KB)
...
006 (2046551.000.000) 03/20 02:37:22 Image size of job updated: 926880
	883  -  MemoryUsage of job (MB)
	903604  -  ResidentSetSize of job (KB)
...
006 (2046551.000.000) 03/20 02:42:22 Image size of job updated: 926880
	883  -  MemoryUsage of job (MB)
	903608  -  ResidentSetSize of job (KB)
...
006 (2046551.000.000) 03/20 02:47:22 Image size of job updated: 926880
	883  -  MemoryUsage of job (MB)
	903628  -  ResidentSetSize of job (KB)
...
006 (2046551.000.000) 03/20 02:52:24 Image size of job updated: 926880
	883  -  MemoryUsage of job (MB)
	903632  -  ResidentSetSize of job (KB)
...
005 (2046551.000.000) 03/20 02:52:46 Job terminated.
	(1) Normal termination (return value 0)
		Usr 0 04:31:38, Sys 0 00:04:43  -  Run Remote Usage
		Usr 0 00:00:00, Sys 0 00:00:00  -  Run Local Usage
		Usr 0 04:31:38, Sys 0 00:04:43  -  Total Remote Usage
		Usr 0 00:00:00, Sys 0 00:00:00  -  Total Local Usage
	0  -  Run Bytes Sent By Job
	0  -  Run Bytes Received By Job
	0  -  Total Bytes Sent By Job
	0  -  Total Bytes Received By Job
	Partitionable Resources :    Usage  Request Allocated
	   Cpus                 :                 1         1
	   Disk (KB)            :       10       10  59784664
	   Memory (MB)          :      883        1      2007
...
