000 (2046559.000.000) 03/19 22:11:08 Job submitted from host: <130.199.206.138:9618?addrs=130.199.206.138-9618&noUDP&sock=7204_1315_4>
...
001 (2046559.000.000) 03/19 22:11:30 Job executing on host: <130.199.206.51:9618?addrs=130.199.206.51-9618&noUDP&sock=7829_e110_3>
...
006 (2046559.000.000) 03/19 22:11:39 Image size of job updated: 859804
	814  -  MemoryUsage of job (MB)
	833420  -  ResidentSetSize of job (KB)
...
006 (2046559.000.000) 03/19 22:16:40 Image size of job updated: 917808
	871  -  MemoryUsage of job (MB)
	891372  -  ResidentSetSize of job (KB)
...
006 (2046559.000.000) 03/19 22:21:40 Image size of job updated: 935164
	888  -  MemoryUsage of job (MB)
	908728  -  ResidentSetSize of job (KB)
...
006 (2046559.000.000) 03/19 22:26:40 Image size of job updated: 935408
	888  -  MemoryUsage of job (MB)
	908972  -  ResidentSetSize of job (KB)
...
006 (2046559.000.000) 03/19 22:31:41 Image size of job updated: 935552
	888  -  MemoryUsage of job (MB)
	909116  -  ResidentSetSize of job (KB)
...
006 (2046559.000.000) 03/19 22:36:42 Image size of job updated: 936072
	889  -  MemoryUsage of job (MB)
	909636  -  ResidentSetSize of job (KB)
...
006 (2046559.000.000) 03/19 22:41:43 Image size of job updated: 936156
	889  -  MemoryUsage of job (MB)
	909720  -  ResidentSetSize of job (KB)
...
006 (2046559.000.000) 03/19 22:46:43 Image size of job updated: 936168
	889  -  MemoryUsage of job (MB)
	909732  -  ResidentSetSize of job (KB)
...
006 (2046559.000.000) 03/19 22:51:43 Image size of job updated: 940168
	893  -  MemoryUsage of job (MB)
	913732  -  ResidentSetSize of job (KB)
...
006 (2046559.000.000) 03/19 22:56:44 Image size of job updated: 940180
	893  -  MemoryUsage of job (MB)
	913744  -  ResidentSetSize of job (KB)
...
006 (2046559.000.000) 03/19 23:01:45 Image size of job updated: 940196
	893  -  MemoryUsage of job (MB)
	913760  -  ResidentSetSize of job (KB)
...
006 (2046559.000.000) 03/19 23:06:45 Image size of job updated: 940200
	893  -  MemoryUsage of job (MB)
	913764  -  ResidentSetSize of job (KB)
...
006 (2046559.000.000) 03/19 23:11:45 Image size of job updated: 940220
	893  -  MemoryUsage of job (MB)
	913784  -  ResidentSetSize of job (KB)
...
006 (2046559.000.000) 03/19 23:16:47 Image size of job updated: 940292
	893  -  MemoryUsage of job (MB)
	913856  -  ResidentSetSize of job (KB)
...
006 (2046559.000.000) 03/19 23:21:47 Image size of job updated: 940308
	893  -  MemoryUsage of job (MB)
	913872  -  ResidentSetSize of job (KB)
...
006 (2046559.000.000) 03/19 23:26:47 Image size of job updated: 940316
	893  -  MemoryUsage of job (MB)
	913880  -  ResidentSetSize of job (KB)
...
006 (2046559.000.000) 03/19 23:31:48 Image size of job updated: 940332
	893  -  MemoryUsage of job (MB)
	913896  -  ResidentSetSize of job (KB)
...
006 (2046559.000.000) 03/19 23:36:49 Image size of job updated: 940352
	893  -  MemoryUsage of job (MB)
	913916  -  ResidentSetSize of job (KB)
...
006 (2046559.000.000) 03/19 23:41:49 Image size of job updated: 940360
	893  -  MemoryUsage of job (MB)
	913924  -  ResidentSetSize of job (KB)
...
006 (2046559.000.000) 03/19 23:46:49 Image size of job updated: 940368
	893  -  MemoryUsage of job (MB)
	913932  -  ResidentSetSize of job (KB)
...
006 (2046559.000.000) 03/19 23:51:50 Image size of job updated: 940380
	893  -  MemoryUsage of job (MB)
	913944  -  ResidentSetSize of job (KB)
...
006 (2046559.000.000) 03/19 23:56:51 Image size of job updated: 940652
	893  -  MemoryUsage of job (MB)
	914216  -  ResidentSetSize of job (KB)
...
006 (2046559.000.000) 03/20 00:11:52 Image size of job updated: 940652
	893  -  MemoryUsage of job (MB)
	914244  -  ResidentSetSize of job (KB)
...
006 (2046559.000.000) 03/20 00:21:52 Image size of job updated: 940864
	893  -  MemoryUsage of job (MB)
	914428  -  ResidentSetSize of job (KB)
...
006 (2046559.000.000) 03/20 00:26:53 Image size of job updated: 940868
	893  -  MemoryUsage of job (MB)
	914432  -  ResidentSetSize of job (KB)
...
006 (2046559.000.000) 03/20 00:31:54 Image size of job updated: 940892
	894  -  MemoryUsage of job (MB)
	914456  -  ResidentSetSize of job (KB)
...
006 (2046559.000.000) 03/20 00:36:54 Image size of job updated: 940900
	894  -  MemoryUsage of job (MB)
	914464  -  ResidentSetSize of job (KB)
...
006 (2046559.000.000) 03/20 00:41:54 Image size of job updated: 940912
	894  -  MemoryUsage of job (MB)
	914476  -  ResidentSetSize of job (KB)
...
006 (2046559.000.000) 03/20 00:46:55 Image size of job updated: 940972
	894  -  MemoryUsage of job (MB)
	914536  -  ResidentSetSize of job (KB)
...
006 (2046559.000.000) 03/20 00:51:55 Image size of job updated: 940988
	894  -  MemoryUsage of job (MB)
	914552  -  ResidentSetSize of job (KB)
...
006 (2046559.000.000) 03/20 00:56:55 Image size of job updated: 941056
	894  -  MemoryUsage of job (MB)
	914620  -  ResidentSetSize of job (KB)
...
006 (2046559.000.000) 03/20 01:01:56 Image size of job updated: 941076
	894  -  MemoryUsage of job (MB)
	914640  -  ResidentSetSize of job (KB)
...
006 (2046559.000.000) 03/20 01:06:57 Image size of job updated: 941088
	894  -  MemoryUsage of job (MB)
	914652  -  ResidentSetSize of job (KB)
...
006 (2046559.000.000) 03/20 01:11:57 Image size of job updated: 941104
	894  -  MemoryUsage of job (MB)
	914668  -  ResidentSetSize of job (KB)
...
006 (2046559.000.000) 03/20 01:16:58 Image size of job updated: 941116
	894  -  MemoryUsage of job (MB)
	914680  -  ResidentSetSize of job (KB)
...
006 (2046559.000.000) 03/20 01:21:59 Image size of job updated: 941140
	894  -  MemoryUsage of job (MB)
	914704  -  ResidentSetSize of job (KB)
...
006 (2046559.000.000) 03/20 01:26:59 Image size of job updated: 941160
	894  -  MemoryUsage of job (MB)
	914724  -  ResidentSetSize of job (KB)
...
006 (2046559.000.000) 03/20 01:31:59 Image size of job updated: 941172
	894  -  MemoryUsage of job (MB)
	914736  -  ResidentSetSize of job (KB)
...
006 (2046559.000.000) 03/20 01:37:00 Image size of job updated: 941180
	894  -  MemoryUsage of job (MB)
	914744  -  ResidentSetSize of job (KB)
...
006 (2046559.000.000) 03/20 01:40:32 Image size of job updated: 990132
	894  -  MemoryUsage of job (MB)
	914744  -  ResidentSetSize of job (KB)
...
005 (2046559.000.000) 03/20 01:40:32 Job terminated.
	(1) Normal termination (return value 0)
		Usr 0 03:23:45, Sys 0 00:02:45  -  Run Remote Usage
		Usr 0 00:00:00, Sys 0 00:00:00  -  Run Local Usage
		Usr 0 03:23:45, Sys 0 00:02:45  -  Total Remote Usage
		Usr 0 00:00:00, Sys 0 00:00:00  -  Total Local Usage
	0  -  Run Bytes Sent By Job
	0  -  Run Bytes Received By Job
	0  -  Total Bytes Sent By Job
	0  -  Total Bytes Received By Job
	Partitionable Resources :    Usage  Request Allocated
	   Cpus                 :                 1         1
	   Disk (KB)            :       10       10 191225021
	   Memory (MB)          :      894        1      2005
...
