000 (2046552.000.000) 03/19 22:11:08 Job submitted from host: <130.199.206.138:9618?addrs=130.199.206.138-9618&noUDP&sock=7204_1315_4>
...
001 (2046552.000.000) 03/19 22:11:28 Job executing on host: <130.199.202.77:9618?addrs=130.199.202.77-9618&noUDP&sock=44308_05aa_3>
...
006 (2046552.000.000) 03/19 22:11:37 Image size of job updated: 860656
	815  -  MemoryUsage of job (MB)
	834216  -  ResidentSetSize of job (KB)
...
006 (2046552.000.000) 03/19 22:16:38 Image size of job updated: 923444
	876  -  MemoryUsage of job (MB)
	897004  -  ResidentSetSize of job (KB)
...
006 (2046552.000.000) 03/19 22:21:38 Image size of job updated: 934492
	887  -  MemoryUsage of job (MB)
	908052  -  ResidentSetSize of job (KB)
...
006 (2046552.000.000) 03/19 22:26:38 Image size of job updated: 937208
	890  -  MemoryUsage of job (MB)
	910768  -  ResidentSetSize of job (KB)
...
006 (2046552.000.000) 03/19 22:31:39 Image size of job updated: 937228
	890  -  MemoryUsage of job (MB)
	910788  -  ResidentSetSize of job (KB)
...
006 (2046552.000.000) 03/19 22:36:40 Image size of job updated: 937232
	890  -  MemoryUsage of job (MB)
	910792  -  ResidentSetSize of job (KB)
...
006 (2046552.000.000) 03/19 22:41:40 Image size of job updated: 937248
	890  -  MemoryUsage of job (MB)
	910808  -  ResidentSetSize of job (KB)
...
006 (2046552.000.000) 03/19 22:46:41 Image size of job updated: 937260
	890  -  MemoryUsage of job (MB)
	910808  -  ResidentSetSize of job (KB)
...
006 (2046552.000.000) 03/19 22:51:42 Image size of job updated: 937264
	890  -  MemoryUsage of job (MB)
	910808  -  ResidentSetSize of job (KB)
...
006 (2046552.000.000) 03/19 22:56:42 Image size of job updated: 937980
	891  -  MemoryUsage of job (MB)
	911480  -  ResidentSetSize of job (KB)
...
006 (2046552.000.000) 03/19 23:01:43 Image size of job updated: 937992
	891  -  MemoryUsage of job (MB)
	911480  -  ResidentSetSize of job (KB)
...
006 (2046552.000.000) 03/19 23:06:44 Image size of job updated: 938040
	891  -  MemoryUsage of job (MB)
	911480  -  ResidentSetSize of job (KB)
...
006 (2046552.000.000) 03/19 23:11:44 Image size of job updated: 938052
	891  -  MemoryUsage of job (MB)
	911480  -  ResidentSetSize of job (KB)
...
006 (2046552.000.000) 03/19 23:16:44 Image size of job updated: 938056
	891  -  MemoryUsage of job (MB)
	911480  -  ResidentSetSize of job (KB)
...
006 (2046552.000.000) 03/20 00:06:49 Image size of job updated: 938228
	894  -  MemoryUsage of job (MB)
	915400  -  ResidentSetSize of job (KB)
...
006 (2046552.000.000) 03/20 00:11:50 Image size of job updated: 938228
	894  -  MemoryUsage of job (MB)
	915408  -  ResidentSetSize of job (KB)
...
006 (2046552.000.000) 03/20 00:16:50 Image size of job updated: 938228
	894  -  MemoryUsage of job (MB)
	915424  -  ResidentSetSize of job (KB)
...
006 (2046552.000.000) 03/20 00:26:51 Image size of job updated: 938228
	894  -  MemoryUsage of job (MB)
	915436  -  ResidentSetSize of job (KB)
...
006 (2046552.000.000) 03/20 00:31:52 Image size of job updated: 938228
	894  -  MemoryUsage of job (MB)
	915440  -  ResidentSetSize of job (KB)
...
006 (2046552.000.000) 03/20 00:36:52 Image size of job updated: 938228
	894  -  MemoryUsage of job (MB)
	915456  -  ResidentSetSize of job (KB)
...
006 (2046552.000.000) 03/20 00:41:53 Image size of job updated: 938228
	895  -  MemoryUsage of job (MB)
	915472  -  ResidentSetSize of job (KB)
...
006 (2046552.000.000) 03/20 00:46:54 Image size of job updated: 938228
	895  -  MemoryUsage of job (MB)
	915476  -  ResidentSetSize of job (KB)
...
006 (2046552.000.000) 03/20 00:51:54 Image size of job updated: 938228
	895  -  MemoryUsage of job (MB)
	915488  -  ResidentSetSize of job (KB)
...
006 (2046552.000.000) 03/20 00:56:55 Image size of job updated: 938228
	895  -  MemoryUsage of job (MB)
	915496  -  ResidentSetSize of job (KB)
...
006 (2046552.000.000) 03/20 01:01:56 Image size of job updated: 938228
	895  -  MemoryUsage of job (MB)
	915504  -  ResidentSetSize of job (KB)
...
006 (2046552.000.000) 03/20 01:06:56 Image size of job updated: 938228
	895  -  MemoryUsage of job (MB)
	915528  -  ResidentSetSize of job (KB)
...
006 (2046552.000.000) 03/20 01:11:56 Image size of job updated: 938228
	895  -  MemoryUsage of job (MB)
	915532  -  ResidentSetSize of job (KB)
...
006 (2046552.000.000) 03/20 01:16:57 Image size of job updated: 938228
	895  -  MemoryUsage of job (MB)
	915544  -  ResidentSetSize of job (KB)
...
006 (2046552.000.000) 03/20 01:21:57 Image size of job updated: 938228
	895  -  MemoryUsage of job (MB)
	915560  -  ResidentSetSize of job (KB)
...
006 (2046552.000.000) 03/20 01:26:57 Image size of job updated: 938228
	895  -  MemoryUsage of job (MB)
	915820  -  ResidentSetSize of job (KB)
...
005 (2046552.000.000) 03/20 02:14:39 Job terminated.
	(1) Normal termination (return value 0)
		Usr 0 04:01:40, Sys 0 00:04:50  -  Run Remote Usage
		Usr 0 00:00:00, Sys 0 00:00:00  -  Run Local Usage
		Usr 0 04:01:40, Sys 0 00:04:50  -  Total Remote Usage
		Usr 0 00:00:00, Sys 0 00:00:00  -  Total Local Usage
	0  -  Run Bytes Sent By Job
	0  -  Run Bytes Received By Job
	0  -  Total Bytes Sent By Job
	0  -  Total Bytes Received By Job
	Partitionable Resources :    Usage  Request Allocated
	   Cpus                 :                 1         1
	   Disk (KB)            :       10       10  65766856
	   Memory (MB)          :      895        1      2008
...
