000 (2046539.000.000) 03/19 22:11:08 Job submitted from host: <130.199.206.138:9618?addrs=130.199.206.138-9618&noUDP&sock=7204_1315_4>
...
001 (2046539.000.000) 03/19 22:12:21 Job executing on host: <130.199.202.116:9618?addrs=130.199.202.116-9618&noUDP&sock=12186_d08d_3>
...
006 (2046539.000.000) 03/19 22:12:29 Image size of job updated: 862960
	817  -  MemoryUsage of job (MB)
	836500  -  ResidentSetSize of job (KB)
...
006 (2046539.000.000) 03/19 22:17:29 Image size of job updated: 925656
	879  -  MemoryUsage of job (MB)
	899196  -  ResidentSetSize of job (KB)
...
006 (2046539.000.000) 03/19 22:22:30 Image size of job updated: 929636
	883  -  MemoryUsage of job (MB)
	903176  -  ResidentSetSize of job (KB)
...
006 (2046539.000.000) 03/19 22:27:31 Image size of job updated: 930324
	883  -  MemoryUsage of job (MB)
	903864  -  ResidentSetSize of job (KB)
...
006 (2046539.000.000) 03/19 22:37:31 Image size of job updated: 930540
	883  -  MemoryUsage of job (MB)
	904080  -  ResidentSetSize of job (KB)
...
006 (2046539.000.000) 03/19 22:42:32 Image size of job updated: 930656
	884  -  MemoryUsage of job (MB)
	904196  -  ResidentSetSize of job (KB)
...
006 (2046539.000.000) 03/19 22:47:32 Image size of job updated: 930676
	884  -  MemoryUsage of job (MB)
	904216  -  ResidentSetSize of job (KB)
...
006 (2046539.000.000) 03/19 22:52:32 Image size of job updated: 930692
	884  -  MemoryUsage of job (MB)
	904232  -  ResidentSetSize of job (KB)
...
006 (2046539.000.000) 03/19 22:57:33 Image size of job updated: 931092
	884  -  MemoryUsage of job (MB)
	904632  -  ResidentSetSize of job (KB)
...
006 (2046539.000.000) 03/19 23:02:34 Image size of job updated: 931104
	884  -  MemoryUsage of job (MB)
	904644  -  ResidentSetSize of job (KB)
...
006 (2046539.000.000) 03/19 23:07:34 Image size of job updated: 931120
	884  -  MemoryUsage of job (MB)
	904660  -  ResidentSetSize of job (KB)
...
006 (2046539.000.000) 03/19 23:12:35 Image size of job updated: 931136
	884  -  MemoryUsage of job (MB)
	904676  -  ResidentSetSize of job (KB)
...
006 (2046539.000.000) 03/19 23:17:36 Image size of job updated: 931148
	884  -  MemoryUsage of job (MB)
	904676  -  ResidentSetSize of job (KB)
...
006 (2046539.000.000) 03/19 23:22:36 Image size of job updated: 931160
	884  -  MemoryUsage of job (MB)
	904676  -  ResidentSetSize of job (KB)
...
006 (2046539.000.000) 03/19 23:27:36 Image size of job updated: 931200
	884  -  MemoryUsage of job (MB)
	904676  -  ResidentSetSize of job (KB)
...
006 (2046539.000.000) 03/19 23:32:37 Image size of job updated: 931212
	884  -  MemoryUsage of job (MB)
	904676  -  ResidentSetSize of job (KB)
...
006 (2046539.000.000) 03/19 23:37:37 Image size of job updated: 931492
	884  -  MemoryUsage of job (MB)
	904788  -  ResidentSetSize of job (KB)
...
006 (2046539.000.000) 03/20 00:57:45 Image size of job updated: 931492
	884  -  MemoryUsage of job (MB)
	904796  -  ResidentSetSize of job (KB)
...
006 (2046539.000.000) 03/20 01:17:46 Image size of job updated: 931492
	884  -  MemoryUsage of job (MB)
	904808  -  ResidentSetSize of job (KB)
...
005 (2046539.000.000) 03/20 01:36:03 Job terminated.
	(1) Normal termination (return value 0)
		Usr 0 03:18:31, Sys 0 00:06:18  -  Run Remote Usage
		Usr 0 00:00:00, Sys 0 00:00:00  -  Run Local Usage
		Usr 0 03:18:31, Sys 0 00:06:18  -  Total Remote Usage
		Usr 0 00:00:00, Sys 0 00:00:00  -  Total Local Usage
	0  -  Run Bytes Sent By Job
	0  -  Run Bytes Received By Job
	0  -  Total Bytes Sent By Job
	0  -  Total Bytes Received By Job
	Partitionable Resources :    Usage  Request Allocated
	   Cpus                 :                 1         1
	   Disk (KB)            :       10       10  66984643
	   Memory (MB)          :      884        1      2665
...
