000 (2046546.000.000) 03/19 22:11:08 Job submitted from host: <130.199.206.138:9618?addrs=130.199.206.138-9618&noUDP&sock=7204_1315_4>
...
001 (2046546.000.000) 03/19 22:11:27 Job executing on host: <130.199.203.177:9618?addrs=130.199.203.177-9618&noUDP&sock=56383_9b71_3>
...
006 (2046546.000.000) 03/19 22:11:36 Image size of job updated: 871040
	825  -  MemoryUsage of job (MB)
	844604  -  ResidentSetSize of job (KB)
...
006 (2046546.000.000) 03/19 22:16:37 Image size of job updated: 941808
	894  -  MemoryUsage of job (MB)
	915372  -  ResidentSetSize of job (KB)
...
006 (2046546.000.000) 03/19 22:21:37 Image size of job updated: 945480
	898  -  MemoryUsage of job (MB)
	919044  -  ResidentSetSize of job (KB)
...
006 (2046546.000.000) 03/19 22:26:37 Image size of job updated: 947944
	900  -  MemoryUsage of job (MB)
	921508  -  ResidentSetSize of job (KB)
...
006 (2046546.000.000) 03/19 22:31:38 Image size of job updated: 947972
	900  -  MemoryUsage of job (MB)
	921536  -  ResidentSetSize of job (KB)
...
006 (2046546.000.000) 03/19 22:36:38 Image size of job updated: 948116
	901  -  MemoryUsage of job (MB)
	921680  -  ResidentSetSize of job (KB)
...
006 (2046546.000.000) 03/19 22:41:38 Image size of job updated: 948220
	901  -  MemoryUsage of job (MB)
	921784  -  ResidentSetSize of job (KB)
...
006 (2046546.000.000) 03/19 22:56:40 Image size of job updated: 948220
	901  -  MemoryUsage of job (MB)
	921792  -  ResidentSetSize of job (KB)
...
006 (2046546.000.000) 03/19 23:01:40 Image size of job updated: 948220
	901  -  MemoryUsage of job (MB)
	921808  -  ResidentSetSize of job (KB)
...
006 (2046546.000.000) 03/19 23:06:41 Image size of job updated: 948436
	902  -  MemoryUsage of job (MB)
	923296  -  ResidentSetSize of job (KB)
...
006 (2046546.000.000) 03/19 23:11:41 Image size of job updated: 948672
	902  -  MemoryUsage of job (MB)
	923560  -  ResidentSetSize of job (KB)
...
006 (2046546.000.000) 03/19 23:16:41 Image size of job updated: 948672
	902  -  MemoryUsage of job (MB)
	923568  -  ResidentSetSize of job (KB)
...
006 (2046546.000.000) 03/20 00:31:49 Image size of job updated: 948672
	903  -  MemoryUsage of job (MB)
	923984  -  ResidentSetSize of job (KB)
...
006 (2046546.000.000) 03/20 00:36:49 Image size of job updated: 948672
	903  -  MemoryUsage of job (MB)
	924124  -  ResidentSetSize of job (KB)
...
006 (2046546.000.000) 03/20 00:41:50 Image size of job updated: 948672
	903  -  MemoryUsage of job (MB)
	924136  -  ResidentSetSize of job (KB)
...
006 (2046546.000.000) 03/20 00:46:51 Image size of job updated: 948672
	903  -  MemoryUsage of job (MB)
	924144  -  ResidentSetSize of job (KB)
...
006 (2046546.000.000) 03/20 00:51:51 Image size of job updated: 948672
	903  -  MemoryUsage of job (MB)
	924160  -  ResidentSetSize of job (KB)
...
006 (2046546.000.000) 03/20 00:56:52 Image size of job updated: 948672
	903  -  MemoryUsage of job (MB)
	924168  -  ResidentSetSize of job (KB)
...
006 (2046546.000.000) 03/20 01:06:53 Image size of job updated: 948672
	903  -  MemoryUsage of job (MB)
	924184  -  ResidentSetSize of job (KB)
...
006 (2046546.000.000) 03/20 01:11:59 Image size of job updated: 948672
	903  -  MemoryUsage of job (MB)
	924192  -  ResidentSetSize of job (KB)
...
006 (2046546.000.000) 03/20 01:16:55 Image size of job updated: 948672
	903  -  MemoryUsage of job (MB)
	924204  -  ResidentSetSize of job (KB)
...
006 (2046546.000.000) 03/20 01:21:56 Image size of job updated: 948672
	903  -  MemoryUsage of job (MB)
	924224  -  ResidentSetSize of job (KB)
...
006 (2046546.000.000) 03/20 01:26:56 Image size of job updated: 948672
	903  -  MemoryUsage of job (MB)
	924228  -  ResidentSetSize of job (KB)
...
006 (2046546.000.000) 03/20 01:31:56 Image size of job updated: 948672
	908  -  MemoryUsage of job (MB)
	929716  -  ResidentSetSize of job (KB)
...
006 (2046546.000.000) 03/20 01:41:57 Image size of job updated: 948672
	909  -  MemoryUsage of job (MB)
	929820  -  ResidentSetSize of job (KB)
...
006 (2046546.000.000) 03/20 01:56:59 Image size of job updated: 949368
	911  -  MemoryUsage of job (MB)
	932144  -  ResidentSetSize of job (KB)
...
005 (2046546.000.000) 03/20 02:41:01 Job terminated.
	(1) Normal termination (return value 0)
		Usr 0 04:23:25, Sys 0 00:04:20  -  Run Remote Usage
		Usr 0 00:00:00, Sys 0 00:00:00  -  Run Local Usage
		Usr 0 04:23:25, Sys 0 00:04:20  -  Total Remote Usage
		Usr 0 00:00:00, Sys 0 00:00:00  -  Total Local Usage
	0  -  Run Bytes Sent By Job
	0  -  Run Bytes Received By Job
	0  -  Total Bytes Sent By Job
	0  -  Total Bytes Received By Job
	Partitionable Resources :    Usage  Request Allocated
	   Cpus                 :                 1         1
	   Disk (KB)            :       10       10  41848182
	   Memory (MB)          :      911        1      2007
...
