000 (2046561.000.000) 03/19 22:11:08 Job submitted from host: <130.199.206.138:9618?addrs=130.199.206.138-9618&noUDP&sock=7204_1315_4>
...
001 (2046561.000.000) 03/19 22:11:31 Job executing on host: <130.199.203.186:9618?addrs=130.199.203.186-9618&noUDP&sock=59253_ed0c_3>
...
006 (2046561.000.000) 03/19 22:11:39 Image size of job updated: 622076
	582  -  MemoryUsage of job (MB)
	595724  -  ResidentSetSize of job (KB)
...
006 (2046561.000.000) 03/19 22:16:39 Image size of job updated: 907132
	862  -  MemoryUsage of job (MB)
	881776  -  ResidentSetSize of job (KB)
...
006 (2046561.000.000) 03/19 22:21:39 Image size of job updated: 909360
	866  -  MemoryUsage of job (MB)
	886588  -  ResidentSetSize of job (KB)
...
006 (2046561.000.000) 03/19 22:26:40 Image size of job updated: 909656
	868  -  MemoryUsage of job (MB)
	888384  -  ResidentSetSize of job (KB)
...
006 (2046561.000.000) 03/19 22:31:41 Image size of job updated: 909744
	868  -  MemoryUsage of job (MB)
	888596  -  ResidentSetSize of job (KB)
...
006 (2046561.000.000) 03/19 22:36:41 Image size of job updated: 909744
	868  -  MemoryUsage of job (MB)
	888612  -  ResidentSetSize of job (KB)
...
006 (2046561.000.000) 03/19 22:41:42 Image size of job updated: 909744
	868  -  MemoryUsage of job (MB)
	888624  -  ResidentSetSize of job (KB)
...
006 (2046561.000.000) 03/19 22:46:43 Image size of job updated: 912044
	872  -  MemoryUsage of job (MB)
	892468  -  ResidentSetSize of job (KB)
...
006 (2046561.000.000) 03/19 22:51:43 Image size of job updated: 917920
	879  -  MemoryUsage of job (MB)
	899092  -  ResidentSetSize of job (KB)
...
006 (2046561.000.000) 03/19 22:56:43 Image size of job updated: 917928
	879  -  MemoryUsage of job (MB)
	899100  -  ResidentSetSize of job (KB)
...
006 (2046561.000.000) 03/19 23:01:44 Image size of job updated: 917972
	879  -  MemoryUsage of job (MB)
	899144  -  ResidentSetSize of job (KB)
...
006 (2046561.000.000) 03/19 23:06:44 Image size of job updated: 917980
	879  -  MemoryUsage of job (MB)
	899152  -  ResidentSetSize of job (KB)
...
006 (2046561.000.000) 03/19 23:11:44 Image size of job updated: 917984
	879  -  MemoryUsage of job (MB)
	899156  -  ResidentSetSize of job (KB)
...
006 (2046561.000.000) 03/19 23:16:45 Image size of job updated: 917992
	879  -  MemoryUsage of job (MB)
	899164  -  ResidentSetSize of job (KB)
...
006 (2046561.000.000) 03/19 23:21:45 Image size of job updated: 918012
	879  -  MemoryUsage of job (MB)
	899184  -  ResidentSetSize of job (KB)
...
006 (2046561.000.000) 03/19 23:26:45 Image size of job updated: 918020
	879  -  MemoryUsage of job (MB)
	899192  -  ResidentSetSize of job (KB)
...
006 (2046561.000.000) 03/19 23:31:46 Image size of job updated: 922472
	883  -  MemoryUsage of job (MB)
	903644  -  ResidentSetSize of job (KB)
...
006 (2046561.000.000) 03/19 23:51:49 Image size of job updated: 922472
	883  -  MemoryUsage of job (MB)
	903648  -  ResidentSetSize of job (KB)
...
006 (2046561.000.000) 03/20 00:01:49 Image size of job updated: 932848
	894  -  MemoryUsage of job (MB)
	914928  -  ResidentSetSize of job (KB)
...
006 (2046561.000.000) 03/20 01:01:54 Image size of job updated: 932848
	894  -  MemoryUsage of job (MB)
	915184  -  ResidentSetSize of job (KB)
...
006 (2046561.000.000) 03/20 02:02:43 Image size of job updated: 1197632
	894  -  MemoryUsage of job (MB)
	915184  -  ResidentSetSize of job (KB)
...
005 (2046561.000.000) 03/20 02:02:43 Job terminated.
	(1) Normal termination (return value 0)
		Usr 0 03:48:31, Sys 0 00:03:52  -  Run Remote Usage
		Usr 0 00:00:00, Sys 0 00:00:00  -  Run Local Usage
		Usr 0 03:48:31, Sys 0 00:03:52  -  Total Remote Usage
		Usr 0 00:00:00, Sys 0 00:00:00  -  Total Local Usage
	0  -  Run Bytes Sent By Job
	0  -  Run Bytes Received By Job
	0  -  Total Bytes Sent By Job
	0  -  Total Bytes Received By Job
	Partitionable Resources :    Usage  Request Allocated
	   Cpus                 :                 1         1
	   Disk (KB)            :       10       10  41848135
	   Memory (MB)          :      894        1      2007
...
