000 (2046558.000.000) 03/19 22:11:08 Job submitted from host: <130.199.206.138:9618?addrs=130.199.206.138-9618&noUDP&sock=7204_1315_4>
...
001 (2046558.000.000) 03/19 22:11:29 Job executing on host: <130.199.203.191:9618?addrs=130.199.203.191-9618&noUDP&sock=43795_aa03_3>
...
006 (2046558.000.000) 03/19 22:11:38 Image size of job updated: 865324
	820  -  MemoryUsage of job (MB)
	838888  -  ResidentSetSize of job (KB)
...
006 (2046558.000.000) 03/19 22:16:39 Image size of job updated: 926264
	879  -  MemoryUsage of job (MB)
	899828  -  ResidentSetSize of job (KB)
...
006 (2046558.000.000) 03/19 22:21:40 Image size of job updated: 939436
	892  -  MemoryUsage of job (MB)
	913000  -  ResidentSetSize of job (KB)
...
006 (2046558.000.000) 03/19 22:26:40 Image size of job updated: 940920
	894  -  MemoryUsage of job (MB)
	914484  -  ResidentSetSize of job (KB)
...
006 (2046558.000.000) 03/19 22:41:42 Image size of job updated: 941016
	894  -  MemoryUsage of job (MB)
	914580  -  ResidentSetSize of job (KB)
...
006 (2046558.000.000) 03/19 22:46:42 Image size of job updated: 941796
	894  -  MemoryUsage of job (MB)
	915360  -  ResidentSetSize of job (KB)
...
006 (2046558.000.000) 03/19 22:51:43 Image size of job updated: 941868
	894  -  MemoryUsage of job (MB)
	915432  -  ResidentSetSize of job (KB)
...
006 (2046558.000.000) 03/19 22:56:43 Image size of job updated: 941888
	894  -  MemoryUsage of job (MB)
	915452  -  ResidentSetSize of job (KB)
...
006 (2046558.000.000) 03/19 23:01:43 Image size of job updated: 941912
	895  -  MemoryUsage of job (MB)
	915476  -  ResidentSetSize of job (KB)
...
006 (2046558.000.000) 03/19 23:06:44 Image size of job updated: 941920
	895  -  MemoryUsage of job (MB)
	915484  -  ResidentSetSize of job (KB)
...
006 (2046558.000.000) 03/19 23:11:44 Image size of job updated: 941928
	895  -  MemoryUsage of job (MB)
	915492  -  ResidentSetSize of job (KB)
...
006 (2046558.000.000) 03/19 23:16:44 Image size of job updated: 941940
	895  -  MemoryUsage of job (MB)
	915504  -  ResidentSetSize of job (KB)
...
006 (2046558.000.000) 03/19 23:21:45 Image size of job updated: 942540
	895  -  MemoryUsage of job (MB)
	916104  -  ResidentSetSize of job (KB)
...
006 (2046558.000.000) 03/19 23:26:45 Image size of job updated: 942736
	895  -  MemoryUsage of job (MB)
	916300  -  ResidentSetSize of job (KB)
...
006 (2046558.000.000) 03/19 23:31:45 Image size of job updated: 942744
	895  -  MemoryUsage of job (MB)
	916308  -  ResidentSetSize of job (KB)
...
006 (2046558.000.000) 03/19 23:36:46 Image size of job updated: 944976
	898  -  MemoryUsage of job (MB)
	918540  -  ResidentSetSize of job (KB)
...
006 (2046558.000.000) 03/19 23:41:47 Image size of job updated: 944988
	898  -  MemoryUsage of job (MB)
	918552  -  ResidentSetSize of job (KB)
...
006 (2046558.000.000) 03/19 23:46:47 Image size of job updated: 945000
	898  -  MemoryUsage of job (MB)
	918564  -  ResidentSetSize of job (KB)
...
006 (2046558.000.000) 03/19 23:51:48 Image size of job updated: 945016
	898  -  MemoryUsage of job (MB)
	918580  -  ResidentSetSize of job (KB)
...
006 (2046558.000.000) 03/19 23:56:49 Image size of job updated: 945152
	898  -  MemoryUsage of job (MB)
	918716  -  ResidentSetSize of job (KB)
...
006 (2046558.000.000) 03/20 00:01:49 Image size of job updated: 945164
	898  -  MemoryUsage of job (MB)
	918728  -  ResidentSetSize of job (KB)
...
006 (2046558.000.000) 03/20 00:06:50 Image size of job updated: 945176
	898  -  MemoryUsage of job (MB)
	918740  -  ResidentSetSize of job (KB)
...
006 (2046558.000.000) 03/20 00:11:51 Image size of job updated: 945188
	898  -  MemoryUsage of job (MB)
	918752  -  ResidentSetSize of job (KB)
...
006 (2046558.000.000) 03/20 00:16:51 Image size of job updated: 945200
	898  -  MemoryUsage of job (MB)
	918764  -  ResidentSetSize of job (KB)
...
006 (2046558.000.000) 03/20 00:21:52 Image size of job updated: 945204
	898  -  MemoryUsage of job (MB)
	918768  -  ResidentSetSize of job (KB)
...
006 (2046558.000.000) 03/20 00:31:53 Image size of job updated: 945220
	898  -  MemoryUsage of job (MB)
	918784  -  ResidentSetSize of job (KB)
...
006 (2046558.000.000) 03/20 00:36:54 Image size of job updated: 945224
	898  -  MemoryUsage of job (MB)
	918788  -  ResidentSetSize of job (KB)
...
006 (2046558.000.000) 03/20 00:41:55 Image size of job updated: 945236
	898  -  MemoryUsage of job (MB)
	918800  -  ResidentSetSize of job (KB)
...
006 (2046558.000.000) 03/20 00:46:55 Image size of job updated: 945240
	898  -  MemoryUsage of job (MB)
	918804  -  ResidentSetSize of job (KB)
...
006 (2046558.000.000) 03/20 00:51:55 Image size of job updated: 945304
	898  -  MemoryUsage of job (MB)
	918868  -  ResidentSetSize of job (KB)
...
006 (2046558.000.000) 03/20 00:56:56 Image size of job updated: 945312
	898  -  MemoryUsage of job (MB)
	918876  -  ResidentSetSize of job (KB)
...
006 (2046558.000.000) 03/20 01:01:56 Image size of job updated: 945320
	898  -  MemoryUsage of job (MB)
	918884  -  ResidentSetSize of job (KB)
...
006 (2046558.000.000) 03/20 01:06:56 Image size of job updated: 945328
	898  -  MemoryUsage of job (MB)
	918892  -  ResidentSetSize of job (KB)
...
006 (2046558.000.000) 03/20 01:11:58 Image size of job updated: 945348
	898  -  MemoryUsage of job (MB)
	918912  -  ResidentSetSize of job (KB)
...
006 (2046558.000.000) 03/20 01:16:58 Image size of job updated: 945364
	898  -  MemoryUsage of job (MB)
	918928  -  ResidentSetSize of job (KB)
...
006 (2046558.000.000) 03/20 01:21:58 Image size of job updated: 945368
	898  -  MemoryUsage of job (MB)
	918932  -  ResidentSetSize of job (KB)
...
006 (2046558.000.000) 03/20 01:26:59 Image size of job updated: 951184
	904  -  MemoryUsage of job (MB)
	924784  -  ResidentSetSize of job (KB)
...
006 (2046558.000.000) 03/20 01:32:00 Image size of job updated: 951184
	904  -  MemoryUsage of job (MB)
	924848  -  ResidentSetSize of job (KB)
...
006 (2046558.000.000) 03/20 01:37:00 Image size of job updated: 951184
	904  -  MemoryUsage of job (MB)
	925108  -  ResidentSetSize of job (KB)
...
006 (2046558.000.000) 03/20 01:52:02 Image size of job updated: 953548
	907  -  MemoryUsage of job (MB)
	927796  -  ResidentSetSize of job (KB)
...
006 (2046558.000.000) 03/20 02:42:07 Image size of job updated: 953552
	907  -  MemoryUsage of job (MB)
	927812  -  ResidentSetSize of job (KB)
...
006 (2046558.000.000) 03/20 02:52:09 Image size of job updated: 955672
	909  -  MemoryUsage of job (MB)
	929932  -  ResidentSetSize of job (KB)
...
005 (2046558.000.000) 03/20 02:54:24 Job terminated.
	(1) Normal termination (return value 0)
		Usr 0 04:37:09, Sys 0 00:04:39  -  Run Remote Usage
		Usr 0 00:00:00, Sys 0 00:00:00  -  Run Local Usage
		Usr 0 04:37:09, Sys 0 00:04:39  -  Total Remote Usage
		Usr 0 00:00:00, Sys 0 00:00:00  -  Total Local Usage
	0  -  Run Bytes Sent By Job
	0  -  Run Bytes Received By Job
	0  -  Total Bytes Sent By Job
	0  -  Total Bytes Received By Job
	Partitionable Resources :    Usage  Request Allocated
	   Cpus                 :                 1         1
	   Disk (KB)            :       10       10  41848028
	   Memory (MB)          :      909        1      2007
...
