000 (2046627.000.000) 03/19 22:11:08 Job submitted from host: <130.199.206.138:9618?addrs=130.199.206.138-9618&noUDP&sock=7204_1315_4>
...
001 (2046627.000.000) 03/19 22:11:44 Job executing on host: <130.199.205.3:9618?addrs=130.199.205.3-9618&noUDP&sock=7491_e80b_3>
...
006 (2046627.000.000) 03/19 22:11:53 Image size of job updated: 859184
	814  -  MemoryUsage of job (MB)
	832800  -  ResidentSetSize of job (KB)
...
006 (2046627.000.000) 03/19 22:16:54 Image size of job updated: 922480
	876  -  MemoryUsage of job (MB)
	896044  -  ResidentSetSize of job (KB)
...
006 (2046627.000.000) 03/19 22:21:55 Image size of job updated: 926300
	879  -  MemoryUsage of job (MB)
	899864  -  ResidentSetSize of job (KB)
...
006 (2046627.000.000) 03/19 22:26:55 Image size of job updated: 927772
	881  -  MemoryUsage of job (MB)
	901336  -  ResidentSetSize of job (KB)
...
006 (2046627.000.000) 03/19 22:31:56 Image size of job updated: 927888
	881  -  MemoryUsage of job (MB)
	901452  -  ResidentSetSize of job (KB)
...
005 (2046627.000.000) 03/19 22:32:57 Job terminated.
	(1) Normal termination (return value 0)
		Usr 0 00:20:46, Sys 0 00:00:27  -  Run Remote Usage
		Usr 0 00:00:00, Sys 0 00:00:00  -  Run Local Usage
		Usr 0 00:20:46, Sys 0 00:00:27  -  Total Remote Usage
		Usr 0 00:00:00, Sys 0 00:00:00  -  Total Local Usage
	0  -  Run Bytes Sent By Job
	0  -  Run Bytes Received By Job
	0  -  Total Bytes Sent By Job
	0  -  Total Bytes Received By Job
	Partitionable Resources :    Usage  Request Allocated
	   Cpus                 :                 1         1
	   Disk (KB)            :       10       10  33454337
	   Memory (MB)          :      881        1      2005
...
