000 (2046555.000.000) 03/19 22:11:08 Job submitted from host: <130.199.206.138:9618?addrs=130.199.206.138-9618&noUDP&sock=7204_1315_4>
...
001 (2046555.000.000) 03/19 22:11:29 Job executing on host: <130.199.203.172:9618?addrs=130.199.203.172-9618&noUDP&sock=54141_0ae1_3>
...
006 (2046555.000.000) 03/19 22:11:38 Image size of job updated: 856188
	811  -  MemoryUsage of job (MB)
	829776  -  ResidentSetSize of job (KB)
...
006 (2046555.000.000) 03/19 22:16:39 Image size of job updated: 914092
	867  -  MemoryUsage of job (MB)
	887628  -  ResidentSetSize of job (KB)
...
006 (2046555.000.000) 03/19 22:21:40 Image size of job updated: 927860
	881  -  MemoryUsage of job (MB)
	901396  -  ResidentSetSize of job (KB)
...
006 (2046555.000.000) 03/19 22:26:40 Image size of job updated: 929948
	883  -  MemoryUsage of job (MB)
	903484  -  ResidentSetSize of job (KB)
...
006 (2046555.000.000) 03/19 22:31:41 Image size of job updated: 930108
	883  -  MemoryUsage of job (MB)
	903644  -  ResidentSetSize of job (KB)
...
006 (2046555.000.000) 03/19 23:56:49 Image size of job updated: 930108
	883  -  MemoryUsage of job (MB)
	904096  -  ResidentSetSize of job (KB)
...
006 (2046555.000.000) 03/20 00:01:50 Image size of job updated: 930108
	883  -  MemoryUsage of job (MB)
	904108  -  ResidentSetSize of job (KB)
...
006 (2046555.000.000) 03/20 00:06:50 Image size of job updated: 930108
	883  -  MemoryUsage of job (MB)
	904116  -  ResidentSetSize of job (KB)
...
006 (2046555.000.000) 03/20 00:11:51 Image size of job updated: 930108
	883  -  MemoryUsage of job (MB)
	904124  -  ResidentSetSize of job (KB)
...
006 (2046555.000.000) 03/20 00:16:52 Image size of job updated: 930108
	883  -  MemoryUsage of job (MB)
	904136  -  ResidentSetSize of job (KB)
...
006 (2046555.000.000) 03/20 00:21:52 Image size of job updated: 930108
	883  -  MemoryUsage of job (MB)
	904152  -  ResidentSetSize of job (KB)
...
006 (2046555.000.000) 03/20 00:26:52 Image size of job updated: 930108
	883  -  MemoryUsage of job (MB)
	904156  -  ResidentSetSize of job (KB)
...
006 (2046555.000.000) 03/20 00:31:53 Image size of job updated: 930108
	884  -  MemoryUsage of job (MB)
	904244  -  ResidentSetSize of job (KB)
...
006 (2046555.000.000) 03/20 00:36:53 Image size of job updated: 930108
	884  -  MemoryUsage of job (MB)
	904312  -  ResidentSetSize of job (KB)
...
006 (2046555.000.000) 03/20 00:41:53 Image size of job updated: 930108
	884  -  MemoryUsage of job (MB)
	904600  -  ResidentSetSize of job (KB)
...
006 (2046555.000.000) 03/20 01:42:01 Image size of job updated: 930108
	884  -  MemoryUsage of job (MB)
	904640  -  ResidentSetSize of job (KB)
...
006 (2046555.000.000) 03/20 01:47:01 Image size of job updated: 930108
	884  -  MemoryUsage of job (MB)
	904644  -  ResidentSetSize of job (KB)
...
006 (2046555.000.000) 03/20 01:52:02 Image size of job updated: 930108
	884  -  MemoryUsage of job (MB)
	904660  -  ResidentSetSize of job (KB)
...
006 (2046555.000.000) 03/20 01:57:03 Image size of job updated: 930108
	884  -  MemoryUsage of job (MB)
	904668  -  ResidentSetSize of job (KB)
...
006 (2046555.000.000) 03/20 02:07:03 Image size of job updated: 930108
	884  -  MemoryUsage of job (MB)
	904692  -  ResidentSetSize of job (KB)
...
006 (2046555.000.000) 03/20 02:12:04 Image size of job updated: 930108
	884  -  MemoryUsage of job (MB)
	904704  -  ResidentSetSize of job (KB)
...
006 (2046555.000.000) 03/20 02:17:04 Image size of job updated: 930108
	884  -  MemoryUsage of job (MB)
	904716  -  ResidentSetSize of job (KB)
...
006 (2046555.000.000) 03/20 02:22:04 Image size of job updated: 930108
	884  -  MemoryUsage of job (MB)
	904724  -  ResidentSetSize of job (KB)
...
006 (2046555.000.000) 03/20 02:32:06 Image size of job updated: 930108
	884  -  MemoryUsage of job (MB)
	904740  -  ResidentSetSize of job (KB)
...
006 (2046555.000.000) 03/20 02:37:06 Image size of job updated: 930108
	884  -  MemoryUsage of job (MB)
	904744  -  ResidentSetSize of job (KB)
...
006 (2046555.000.000) 03/20 02:42:07 Image size of job updated: 930108
	884  -  MemoryUsage of job (MB)
	904760  -  ResidentSetSize of job (KB)
...
005 (2046555.000.000) 03/20 02:43:42 Job terminated.
	(1) Normal termination (return value 0)
		Usr 0 04:25:07, Sys 0 00:04:39  -  Run Remote Usage
		Usr 0 00:00:00, Sys 0 00:00:00  -  Run Local Usage
		Usr 0 04:25:07, Sys 0 00:04:39  -  Total Remote Usage
		Usr 0 00:00:00, Sys 0 00:00:00  -  Total Local Usage
	0  -  Run Bytes Sent By Job
	0  -  Run Bytes Received By Job
	0  -  Total Bytes Sent By Job
	0  -  Total Bytes Received By Job
	Partitionable Resources :    Usage  Request Allocated
	   Cpus                 :                 1         1
	   Disk (KB)            :       10       10  41848166
	   Memory (MB)          :      884        1      2007
...
