000 (2046560.000.000) 03/19 22:11:08 Job submitted from host: <130.199.206.138:9618?addrs=130.199.206.138-9618&noUDP&sock=7204_1315_4>
...
001 (2046560.000.000) 03/19 22:11:30 Job executing on host: <130.199.202.18:9618?addrs=130.199.202.18-9618&noUDP&sock=43398_04c4_3>
...
006 (2046560.000.000) 03/19 22:11:40 Image size of job updated: 871548
	826  -  MemoryUsage of job (MB)
	845096  -  ResidentSetSize of job (KB)
...
006 (2046560.000.000) 03/19 22:16:40 Image size of job updated: 929780
	883  -  MemoryUsage of job (MB)
	903328  -  ResidentSetSize of job (KB)
...
006 (2046560.000.000) 03/19 22:21:40 Image size of job updated: 933892
	887  -  MemoryUsage of job (MB)
	907440  -  ResidentSetSize of job (KB)
...
006 (2046560.000.000) 03/19 22:26:41 Image size of job updated: 947132
	900  -  MemoryUsage of job (MB)
	920680  -  ResidentSetSize of job (KB)
...
006 (2046560.000.000) 03/19 22:31:42 Image size of job updated: 948364
	901  -  MemoryUsage of job (MB)
	921920  -  ResidentSetSize of job (KB)
...
005 (2046560.000.000) 03/20 02:13:27 Job terminated.
	(1) Normal termination (return value 0)
		Usr 0 04:01:05, Sys 0 00:04:38  -  Run Remote Usage
		Usr 0 00:00:00, Sys 0 00:00:00  -  Run Local Usage
		Usr 0 04:01:05, Sys 0 00:04:38  -  Total Remote Usage
		Usr 0 00:00:00, Sys 0 00:00:00  -  Total Local Usage
	0  -  Run Bytes Sent By Job
	0  -  Run Bytes Received By Job
	0  -  Total Bytes Sent By Job
	0  -  Total Bytes Received By Job
	Partitionable Resources :    Usage  Request Allocated
	   Cpus                 :                 1         1
	   Disk (KB)            :       10       10  47828922
	   Memory (MB)          :      901        1      2008
...
