000 (2046538.000.000) 03/19 22:11:08 Job submitted from host: <130.199.206.138:9618?addrs=130.199.206.138-9618&noUDP&sock=7204_1315_4>
...
001 (2046538.000.000) 03/19 22:11:26 Job executing on host: <130.199.203.48:9618?addrs=130.199.203.48-9618&noUDP&sock=11124_b47e_3>
...
006 (2046538.000.000) 03/19 22:11:35 Image size of job updated: 859548
	814  -  MemoryUsage of job (MB)
	833136  -  ResidentSetSize of job (KB)
...
006 (2046538.000.000) 03/19 22:16:36 Image size of job updated: 929468
	882  -  MemoryUsage of job (MB)
	903000  -  ResidentSetSize of job (KB)
...
006 (2046538.000.000) 03/19 22:21:37 Image size of job updated: 932936
	886  -  MemoryUsage of job (MB)
	906468  -  ResidentSetSize of job (KB)
...
006 (2046538.000.000) 03/19 22:26:37 Image size of job updated: 941044
	894  -  MemoryUsage of job (MB)
	914576  -  ResidentSetSize of job (KB)
...
006 (2046538.000.000) 03/19 22:31:38 Image size of job updated: 941244
	894  -  MemoryUsage of job (MB)
	914776  -  ResidentSetSize of job (KB)
...
006 (2046538.000.000) 03/20 02:27:04 Image size of job updated: 944524
	898  -  MemoryUsage of job (MB)
	919528  -  ResidentSetSize of job (KB)
...
006 (2046538.000.000) 03/20 02:32:05 Image size of job updated: 944524
	898  -  MemoryUsage of job (MB)
	919532  -  ResidentSetSize of job (KB)
...
006 (2046538.000.000) 03/20 02:52:07 Image size of job updated: 949092
	905  -  MemoryUsage of job (MB)
	926628  -  ResidentSetSize of job (KB)
...
006 (2046538.000.000) 03/20 02:57:07 Image size of job updated: 949092
	905  -  MemoryUsage of job (MB)
	926660  -  ResidentSetSize of job (KB)
...
006 (2046538.000.000) 03/20 02:59:43 Image size of job updated: 964508
	905  -  MemoryUsage of job (MB)
	926660  -  ResidentSetSize of job (KB)
...
005 (2046538.000.000) 03/20 02:59:43 Job terminated.
	(1) Normal termination (return value 0)
		Usr 0 04:40:24, Sys 0 00:04:47  -  Run Remote Usage
		Usr 0 00:00:00, Sys 0 00:00:00  -  Run Local Usage
		Usr 0 04:40:24, Sys 0 00:04:47  -  Total Remote Usage
		Usr 0 00:00:00, Sys 0 00:00:00  -  Total Local Usage
	0  -  Run Bytes Sent By Job
	0  -  Run Bytes Received By Job
	0  -  Total Bytes Sent By Job
	0  -  Total Bytes Received By Job
	Partitionable Resources :    Usage  Request Allocated
	   Cpus                 :                 1         1
	   Disk (KB)            :       10       10  59784590
	   Memory (MB)          :      905        1      2007
...
