000 (2046547.000.000) 03/19 22:11:08 Job submitted from host: <130.199.206.138:9618?addrs=130.199.206.138-9618&noUDP&sock=7204_1315_4>
...
001 (2046547.000.000) 03/19 22:11:27 Job executing on host: <130.199.203.206:9618?addrs=130.199.203.206-9618&noUDP&sock=20844_f65c_3>
...
006 (2046547.000.000) 03/19 22:11:36 Image size of job updated: 863980
	818  -  MemoryUsage of job (MB)
	837596  -  ResidentSetSize of job (KB)
...
006 (2046547.000.000) 03/19 22:16:37 Image size of job updated: 927544
	880  -  MemoryUsage of job (MB)
	901108  -  ResidentSetSize of job (KB)
...
006 (2046547.000.000) 03/19 22:21:37 Image size of job updated: 931176
	884  -  MemoryUsage of job (MB)
	904740  -  ResidentSetSize of job (KB)
...
006 (2046547.000.000) 03/19 22:26:37 Image size of job updated: 937508
	891  -  MemoryUsage of job (MB)
	911548  -  ResidentSetSize of job (KB)
...
006 (2046547.000.000) 03/19 22:31:38 Image size of job updated: 937508
	891  -  MemoryUsage of job (MB)
	911628  -  ResidentSetSize of job (KB)
...
006 (2046547.000.000) 03/19 22:41:38 Image size of job updated: 937508
	892  -  MemoryUsage of job (MB)
	912952  -  ResidentSetSize of job (KB)
...
006 (2046547.000.000) 03/19 22:46:39 Image size of job updated: 937508
	892  -  MemoryUsage of job (MB)
	912960  -  ResidentSetSize of job (KB)
...
006 (2046547.000.000) 03/19 22:51:40 Image size of job updated: 937508
	892  -  MemoryUsage of job (MB)
	912980  -  ResidentSetSize of job (KB)
...
006 (2046547.000.000) 03/19 22:56:40 Image size of job updated: 937508
	894  -  MemoryUsage of job (MB)
	915076  -  ResidentSetSize of job (KB)
...
006 (2046547.000.000) 03/19 23:31:44 Image size of job updated: 937508
	895  -  MemoryUsage of job (MB)
	915952  -  ResidentSetSize of job (KB)
...
006 (2046547.000.000) 03/19 23:46:46 Image size of job updated: 937508
	895  -  MemoryUsage of job (MB)
	915996  -  ResidentSetSize of job (KB)
...
006 (2046547.000.000) 03/19 23:51:46 Image size of job updated: 937508
	895  -  MemoryUsage of job (MB)
	916000  -  ResidentSetSize of job (KB)
...
006 (2046547.000.000) 03/20 00:06:47 Image size of job updated: 937508
	895  -  MemoryUsage of job (MB)
	916012  -  ResidentSetSize of job (KB)
...
006 (2046547.000.000) 03/20 00:11:49 Image size of job updated: 937508
	895  -  MemoryUsage of job (MB)
	916024  -  ResidentSetSize of job (KB)
...
006 (2046547.000.000) 03/20 00:16:49 Image size of job updated: 937508
	896  -  MemoryUsage of job (MB)
	917248  -  ResidentSetSize of job (KB)
...
006 (2046547.000.000) 03/20 00:21:49 Image size of job updated: 937508
	896  -  MemoryUsage of job (MB)
	917256  -  ResidentSetSize of job (KB)
...
006 (2046547.000.000) 03/20 00:26:50 Image size of job updated: 937508
	896  -  MemoryUsage of job (MB)
	917264  -  ResidentSetSize of job (KB)
...
006 (2046547.000.000) 03/20 00:31:51 Image size of job updated: 937508
	896  -  MemoryUsage of job (MB)
	917276  -  ResidentSetSize of job (KB)
...
006 (2046547.000.000) 03/20 00:36:51 Image size of job updated: 937508
	896  -  MemoryUsage of job (MB)
	917296  -  ResidentSetSize of job (KB)
...
006 (2046547.000.000) 03/20 00:41:52 Image size of job updated: 937508
	896  -  MemoryUsage of job (MB)
	917300  -  ResidentSetSize of job (KB)
...
006 (2046547.000.000) 03/20 00:46:53 Image size of job updated: 937508
	896  -  MemoryUsage of job (MB)
	917316  -  ResidentSetSize of job (KB)
...
006 (2046547.000.000) 03/20 00:51:53 Image size of job updated: 937508
	896  -  MemoryUsage of job (MB)
	917324  -  ResidentSetSize of job (KB)
...
006 (2046547.000.000) 03/20 00:56:54 Image size of job updated: 937508
	896  -  MemoryUsage of job (MB)
	917332  -  ResidentSetSize of job (KB)
...
006 (2046547.000.000) 03/20 01:01:55 Image size of job updated: 937508
	897  -  MemoryUsage of job (MB)
	917688  -  ResidentSetSize of job (KB)
...
006 (2046547.000.000) 03/20 01:06:55 Image size of job updated: 937508
	897  -  MemoryUsage of job (MB)
	917692  -  ResidentSetSize of job (KB)
...
006 (2046547.000.000) 03/20 01:11:55 Image size of job updated: 937508
	897  -  MemoryUsage of job (MB)
	917708  -  ResidentSetSize of job (KB)
...
006 (2046547.000.000) 03/20 01:16:56 Image size of job updated: 937508
	897  -  MemoryUsage of job (MB)
	917720  -  ResidentSetSize of job (KB)
...
006 (2046547.000.000) 03/20 01:21:56 Image size of job updated: 937508
	897  -  MemoryUsage of job (MB)
	917736  -  ResidentSetSize of job (KB)
...
006 (2046547.000.000) 03/20 01:26:56 Image size of job updated: 937508
	897  -  MemoryUsage of job (MB)
	917740  -  ResidentSetSize of job (KB)
...
006 (2046547.000.000) 03/20 01:31:57 Image size of job updated: 937508
	897  -  MemoryUsage of job (MB)
	917744  -  ResidentSetSize of job (KB)
...
006 (2046547.000.000) 03/20 01:36:58 Image size of job updated: 937508
	897  -  MemoryUsage of job (MB)
	917760  -  ResidentSetSize of job (KB)
...
006 (2046547.000.000) 03/20 01:41:58 Image size of job updated: 937508
	897  -  MemoryUsage of job (MB)
	917780  -  ResidentSetSize of job (KB)
...
006 (2046547.000.000) 03/20 01:46:59 Image size of job updated: 937508
	897  -  MemoryUsage of job (MB)
	917788  -  ResidentSetSize of job (KB)
...
006 (2046547.000.000) 03/20 01:52:00 Image size of job updated: 937508
	897  -  MemoryUsage of job (MB)
	917796  -  ResidentSetSize of job (KB)
...
006 (2046547.000.000) 03/20 01:57:00 Image size of job updated: 937508
	897  -  MemoryUsage of job (MB)
	917808  -  ResidentSetSize of job (KB)
...
006 (2046547.000.000) 03/20 02:02:01 Image size of job updated: 937508
	898  -  MemoryUsage of job (MB)
	919296  -  ResidentSetSize of job (KB)
...
006 (2046547.000.000) 03/20 02:07:02 Image size of job updated: 937508
	898  -  MemoryUsage of job (MB)
	919428  -  ResidentSetSize of job (KB)
...
006 (2046547.000.000) 03/20 02:29:30 Image size of job updated: 979584
	898  -  MemoryUsage of job (MB)
	919428  -  ResidentSetSize of job (KB)
...
005 (2046547.000.000) 03/20 02:29:31 Job terminated.
	(1) Normal termination (return value 0)
		Usr 0 04:13:19, Sys 0 00:04:34  -  Run Remote Usage
		Usr 0 00:00:00, Sys 0 00:00:00  -  Run Local Usage
		Usr 0 04:13:19, Sys 0 00:04:34  -  Total Remote Usage
		Usr 0 00:00:00, Sys 0 00:00:00  -  Total Local Usage
	0  -  Run Bytes Sent By Job
	0  -  Run Bytes Received By Job
	0  -  Total Bytes Sent By Job
	0  -  Total Bytes Received By Job
	Partitionable Resources :    Usage  Request Allocated
	   Cpus                 :                 1         1
	   Disk (KB)            :       10       10  41848219
	   Memory (MB)          :      898        1      2007
...
