000 (2046540.000.000) 03/19 22:11:08 Job submitted from host: <130.199.206.138:9618?addrs=130.199.206.138-9618&noUDP&sock=7204_1315_4>
...
001 (2046540.000.000) 03/19 22:11:26 Job executing on host: <130.199.203.198:9618?addrs=130.199.203.198-9618&noUDP&sock=53637_886a_3>
...
006 (2046540.000.000) 03/19 22:11:35 Image size of job updated: 293352
	261  -  MemoryUsage of job (MB)
	267000  -  ResidentSetSize of job (KB)
...
006 (2046540.000.000) 03/19 22:16:36 Image size of job updated: 942444
	895  -  MemoryUsage of job (MB)
	915984  -  ResidentSetSize of job (KB)
...
006 (2046540.000.000) 03/19 22:21:37 Image size of job updated: 950076
	902  -  MemoryUsage of job (MB)
	923616  -  ResidentSetSize of job (KB)
...
006 (2046540.000.000) 03/19 22:26:37 Image size of job updated: 951836
	904  -  MemoryUsage of job (MB)
	925376  -  ResidentSetSize of job (KB)
...
006 (2046540.000.000) 03/19 22:31:38 Image size of job updated: 951896
	904  -  MemoryUsage of job (MB)
	925436  -  ResidentSetSize of job (KB)
...
006 (2046540.000.000) 03/20 01:41:58 Image size of job updated: 951896
	904  -  MemoryUsage of job (MB)
	925628  -  ResidentSetSize of job (KB)
...
006 (2046540.000.000) 03/20 01:46:58 Image size of job updated: 951896
	907  -  MemoryUsage of job (MB)
	928148  -  ResidentSetSize of job (KB)
...
006 (2046540.000.000) 03/20 02:42:05 Image size of job updated: 951896
	909  -  MemoryUsage of job (MB)
	930720  -  ResidentSetSize of job (KB)
...
006 (2046540.000.000) 03/20 02:42:12 Image size of job updated: 993528
	909  -  MemoryUsage of job (MB)
	930744  -  ResidentSetSize of job (KB)
...
005 (2046540.000.000) 03/20 02:42:18 Job terminated.
	(1) Normal termination (return value 0)
		Usr 0 04:26:59, Sys 0 00:04:42  -  Run Remote Usage
		Usr 0 00:00:00, Sys 0 00:00:00  -  Run Local Usage
		Usr 0 04:26:59, Sys 0 00:04:42  -  Total Remote Usage
		Usr 0 00:00:00, Sys 0 00:00:00  -  Total Local Usage
	0  -  Run Bytes Sent By Job
	0  -  Run Bytes Received By Job
	0  -  Total Bytes Sent By Job
	0  -  Total Bytes Received By Job
	Partitionable Resources :    Usage  Request Allocated
	   Cpus                 :                 1         1
	   Disk (KB)            :       10       10  41848206
	   Memory (MB)          :      909        1      2007
...
