000 (2046541.000.000) 03/19 22:11:08 Job submitted from host: <130.199.206.138:9618?addrs=130.199.206.138-9618&noUDP&sock=7204_1315_4>
...
001 (2046541.000.000) 03/19 22:11:26 Job executing on host: <130.199.203.47:9618?addrs=130.199.203.47-9618&noUDP&sock=9133_9425_3>
...
006 (2046541.000.000) 03/19 22:11:35 Image size of job updated: 866464
	821  -  MemoryUsage of job (MB)
	840004  -  ResidentSetSize of job (KB)
...
006 (2046541.000.000) 03/19 22:16:36 Image size of job updated: 915944
	869  -  MemoryUsage of job (MB)
	889484  -  ResidentSetSize of job (KB)
...
006 (2046541.000.000) 03/19 22:21:37 Image size of job updated: 919696
	873  -  MemoryUsage of job (MB)
	893236  -  ResidentSetSize of job (KB)
...
006 (2046541.000.000) 03/19 22:26:37 Image size of job updated: 923040
	876  -  MemoryUsage of job (MB)
	896580  -  ResidentSetSize of job (KB)
...
006 (2046541.000.000) 03/19 22:31:38 Image size of job updated: 923108
	876  -  MemoryUsage of job (MB)
	896648  -  ResidentSetSize of job (KB)
...
006 (2046541.000.000) 03/19 22:36:39 Image size of job updated: 923132
	876  -  MemoryUsage of job (MB)
	896672  -  ResidentSetSize of job (KB)
...
006 (2046541.000.000) 03/19 22:41:39 Image size of job updated: 927176
	880  -  MemoryUsage of job (MB)
	900716  -  ResidentSetSize of job (KB)
...
006 (2046541.000.000) 03/19 22:46:39 Image size of job updated: 928172
	881  -  MemoryUsage of job (MB)
	901712  -  ResidentSetSize of job (KB)
...
006 (2046541.000.000) 03/19 22:51:40 Image size of job updated: 928192
	881  -  MemoryUsage of job (MB)
	901732  -  ResidentSetSize of job (KB)
...
006 (2046541.000.000) 03/19 22:56:40 Image size of job updated: 928208
	881  -  MemoryUsage of job (MB)
	901744  -  ResidentSetSize of job (KB)
...
006 (2046541.000.000) 03/19 23:01:40 Image size of job updated: 928264
	881  -  MemoryUsage of job (MB)
	901800  -  ResidentSetSize of job (KB)
...
006 (2046541.000.000) 03/19 23:06:41 Image size of job updated: 928272
	881  -  MemoryUsage of job (MB)
	901808  -  ResidentSetSize of job (KB)
...
006 (2046541.000.000) 03/19 23:11:42 Image size of job updated: 928280
	881  -  MemoryUsage of job (MB)
	901816  -  ResidentSetSize of job (KB)
...
006 (2046541.000.000) 03/19 23:16:42 Image size of job updated: 928312
	881  -  MemoryUsage of job (MB)
	901848  -  ResidentSetSize of job (KB)
...
006 (2046541.000.000) 03/19 23:21:42 Image size of job updated: 930312
	883  -  MemoryUsage of job (MB)
	903848  -  ResidentSetSize of job (KB)
...
006 (2046541.000.000) 03/19 23:26:43 Image size of job updated: 930324
	883  -  MemoryUsage of job (MB)
	903860  -  ResidentSetSize of job (KB)
...
006 (2046541.000.000) 03/19 23:31:43 Image size of job updated: 930396
	883  -  MemoryUsage of job (MB)
	903932  -  ResidentSetSize of job (KB)
...
006 (2046541.000.000) 03/19 23:36:43 Image size of job updated: 930784
	884  -  MemoryUsage of job (MB)
	904320  -  ResidentSetSize of job (KB)
...
006 (2046541.000.000) 03/19 23:41:44 Image size of job updated: 930796
	884  -  MemoryUsage of job (MB)
	904332  -  ResidentSetSize of job (KB)
...
006 (2046541.000.000) 03/19 23:46:45 Image size of job updated: 930808
	884  -  MemoryUsage of job (MB)
	904344  -  ResidentSetSize of job (KB)
...
006 (2046541.000.000) 03/19 23:51:45 Image size of job updated: 930816
	884  -  MemoryUsage of job (MB)
	904352  -  ResidentSetSize of job (KB)
...
006 (2046541.000.000) 03/19 23:56:46 Image size of job updated: 930824
	884  -  MemoryUsage of job (MB)
	904360  -  ResidentSetSize of job (KB)
...
006 (2046541.000.000) 03/20 00:01:47 Image size of job updated: 930844
	884  -  MemoryUsage of job (MB)
	904380  -  ResidentSetSize of job (KB)
...
006 (2046541.000.000) 03/20 00:11:47 Image size of job updated: 931380
	884  -  MemoryUsage of job (MB)
	904916  -  ResidentSetSize of job (KB)
...
006 (2046541.000.000) 03/20 00:21:48 Image size of job updated: 931392
	884  -  MemoryUsage of job (MB)
	904928  -  ResidentSetSize of job (KB)
...
006 (2046541.000.000) 03/20 00:26:48 Image size of job updated: 931400
	884  -  MemoryUsage of job (MB)
	904936  -  ResidentSetSize of job (KB)
...
006 (2046541.000.000) 03/20 00:31:49 Image size of job updated: 931412
	884  -  MemoryUsage of job (MB)
	904948  -  ResidentSetSize of job (KB)
...
006 (2046541.000.000) 03/20 00:36:50 Image size of job updated: 931424
	884  -  MemoryUsage of job (MB)
	904964  -  ResidentSetSize of job (KB)
...
006 (2046541.000.000) 03/20 00:41:50 Image size of job updated: 931428
	884  -  MemoryUsage of job (MB)
	904968  -  ResidentSetSize of job (KB)
...
006 (2046541.000.000) 03/20 00:46:51 Image size of job updated: 931432
	884  -  MemoryUsage of job (MB)
	904972  -  ResidentSetSize of job (KB)
...
006 (2046541.000.000) 03/20 00:51:52 Image size of job updated: 931440
	884  -  MemoryUsage of job (MB)
	904980  -  ResidentSetSize of job (KB)
...
006 (2046541.000.000) 03/20 00:56:52 Image size of job updated: 931444
	884  -  MemoryUsage of job (MB)
	904984  -  ResidentSetSize of job (KB)
...
006 (2046541.000.000) 03/20 01:01:53 Image size of job updated: 931464
	884  -  MemoryUsage of job (MB)
	905004  -  ResidentSetSize of job (KB)
...
006 (2046541.000.000) 03/20 01:06:54 Image size of job updated: 931536
	884  -  MemoryUsage of job (MB)
	905076  -  ResidentSetSize of job (KB)
...
006 (2046541.000.000) 03/20 01:16:54 Image size of job updated: 931556
	884  -  MemoryUsage of job (MB)
	905096  -  ResidentSetSize of job (KB)
...
006 (2046541.000.000) 03/20 01:21:55 Image size of job updated: 931560
	884  -  MemoryUsage of job (MB)
	905100  -  ResidentSetSize of job (KB)
...
006 (2046541.000.000) 03/20 01:26:55 Image size of job updated: 931580
	884  -  MemoryUsage of job (MB)
	905120  -  ResidentSetSize of job (KB)
...
006 (2046541.000.000) 03/20 01:31:55 Image size of job updated: 931580
	884  -  MemoryUsage of job (MB)
	905128  -  ResidentSetSize of job (KB)
...
006 (2046541.000.000) 03/20 01:36:56 Image size of job updated: 931580
	886  -  MemoryUsage of job (MB)
	907112  -  ResidentSetSize of job (KB)
...
006 (2046541.000.000) 03/20 01:41:56 Image size of job updated: 931580
	886  -  MemoryUsage of job (MB)
	907124  -  ResidentSetSize of job (KB)
...
006 (2046541.000.000) 03/20 01:46:56 Image size of job updated: 931580
	886  -  MemoryUsage of job (MB)
	907188  -  ResidentSetSize of job (KB)
...
006 (2046541.000.000) 03/20 01:51:57 Image size of job updated: 931580
	886  -  MemoryUsage of job (MB)
	907192  -  ResidentSetSize of job (KB)
...
006 (2046541.000.000) 03/20 01:56:58 Image size of job updated: 931580
	886  -  MemoryUsage of job (MB)
	907224  -  ResidentSetSize of job (KB)
...
006 (2046541.000.000) 03/20 02:01:58 Image size of job updated: 931580
	887  -  MemoryUsage of job (MB)
	907632  -  ResidentSetSize of job (KB)
...
006 (2046541.000.000) 03/20 02:06:59 Image size of job updated: 931580
	887  -  MemoryUsage of job (MB)
	907644  -  ResidentSetSize of job (KB)
...
006 (2046541.000.000) 03/20 02:17:00 Image size of job updated: 931580
	887  -  MemoryUsage of job (MB)
	907664  -  ResidentSetSize of job (KB)
...
006 (2046541.000.000) 03/20 02:22:00 Image size of job updated: 931580
	887  -  MemoryUsage of job (MB)
	907676  -  ResidentSetSize of job (KB)
...
006 (2046541.000.000) 03/20 02:27:01 Image size of job updated: 931580
	887  -  MemoryUsage of job (MB)
	907688  -  ResidentSetSize of job (KB)
...
006 (2046541.000.000) 03/20 02:32:01 Image size of job updated: 931580
	887  -  MemoryUsage of job (MB)
	907696  -  ResidentSetSize of job (KB)
...
006 (2046541.000.000) 03/20 02:37:01 Image size of job updated: 931580
	887  -  MemoryUsage of job (MB)
	907700  -  ResidentSetSize of job (KB)
...
006 (2046541.000.000) 03/20 02:42:02 Image size of job updated: 931580
	887  -  MemoryUsage of job (MB)
	907720  -  ResidentSetSize of job (KB)
...
006 (2046541.000.000) 03/20 02:47:02 Image size of job updated: 931580
	887  -  MemoryUsage of job (MB)
	907728  -  ResidentSetSize of job (KB)
...
006 (2046541.000.000) 03/20 02:52:02 Image size of job updated: 931580
	887  -  MemoryUsage of job (MB)
	907732  -  ResidentSetSize of job (KB)
...
005 (2046541.000.000) 03/20 02:55:34 Job terminated.
	(1) Normal termination (return value 0)
		Usr 0 04:37:18, Sys 0 00:04:54  -  Run Remote Usage
		Usr 0 00:00:00, Sys 0 00:00:00  -  Run Local Usage
		Usr 0 04:37:18, Sys 0 00:04:54  -  Total Remote Usage
		Usr 0 00:00:00, Sys 0 00:00:00  -  Total Local Usage
	0  -  Run Bytes Sent By Job
	0  -  Run Bytes Received By Job
	0  -  Total Bytes Sent By Job
	0  -  Total Bytes Received By Job
	Partitionable Resources :    Usage  Request Allocated
	   Cpus                 :                 1         1
	   Disk (KB)            :       10       10  59786510
	   Memory (MB)          :      887        1      2007
...
