000 (2046554.000.000) 03/19 22:11:08 Job submitted from host: <130.199.206.138:9618?addrs=130.199.206.138-9618&noUDP&sock=7204_1315_4>
...
001 (2046554.000.000) 03/19 22:11:55 Job executing on host: <130.199.202.91:9618?addrs=130.199.202.91-9618&noUDP&sock=186417_ba04_3>
...
006 (2046554.000.000) 03/19 22:12:04 Image size of job updated: 838404
	794  -  MemoryUsage of job (MB)
	812036  -  ResidentSetSize of job (KB)
...
006 (2046554.000.000) 03/19 22:17:04 Image size of job updated: 926304
	879  -  MemoryUsage of job (MB)
	899860  -  ResidentSetSize of job (KB)
...
006 (2046554.000.000) 03/19 22:22:04 Image size of job updated: 930204
	883  -  MemoryUsage of job (MB)
	903760  -  ResidentSetSize of job (KB)
...
006 (2046554.000.000) 03/19 22:27:05 Image size of job updated: 934824
	888  -  MemoryUsage of job (MB)
	908380  -  ResidentSetSize of job (KB)
...
006 (2046554.000.000) 03/19 22:32:06 Image size of job updated: 935848
	889  -  MemoryUsage of job (MB)
	909404  -  ResidentSetSize of job (KB)
...
006 (2046554.000.000) 03/19 22:37:06 Image size of job updated: 935940
	889  -  MemoryUsage of job (MB)
	909496  -  ResidentSetSize of job (KB)
...
006 (2046554.000.000) 03/19 22:42:07 Image size of job updated: 935956
	889  -  MemoryUsage of job (MB)
	909512  -  ResidentSetSize of job (KB)
...
006 (2046554.000.000) 03/19 22:47:08 Image size of job updated: 935956
	889  -  MemoryUsage of job (MB)
	909528  -  ResidentSetSize of job (KB)
...
006 (2046554.000.000) 03/19 22:52:08 Image size of job updated: 935956
	889  -  MemoryUsage of job (MB)
	909648  -  ResidentSetSize of job (KB)
...
006 (2046554.000.000) 03/19 22:57:09 Image size of job updated: 935956
	889  -  MemoryUsage of job (MB)
	909656  -  ResidentSetSize of job (KB)
...
006 (2046554.000.000) 03/19 23:02:10 Image size of job updated: 935956
	889  -  MemoryUsage of job (MB)
	909680  -  ResidentSetSize of job (KB)
...
006 (2046554.000.000) 03/19 23:07:10 Image size of job updated: 935956
	890  -  MemoryUsage of job (MB)
	910352  -  ResidentSetSize of job (KB)
...
006 (2046554.000.000) 03/19 23:12:10 Image size of job updated: 935956
	890  -  MemoryUsage of job (MB)
	910360  -  ResidentSetSize of job (KB)
...
006 (2046554.000.000) 03/19 23:17:11 Image size of job updated: 935956
	890  -  MemoryUsage of job (MB)
	910648  -  ResidentSetSize of job (KB)
...
006 (2046554.000.000) 03/19 23:22:11 Image size of job updated: 935956
	890  -  MemoryUsage of job (MB)
	910652  -  ResidentSetSize of job (KB)
...
006 (2046554.000.000) 03/20 01:07:21 Image size of job updated: 935956
	890  -  MemoryUsage of job (MB)
	910672  -  ResidentSetSize of job (KB)
...
006 (2046554.000.000) 03/20 01:12:22 Image size of job updated: 935956
	890  -  MemoryUsage of job (MB)
	910696  -  ResidentSetSize of job (KB)
...
006 (2046554.000.000) 03/20 01:17:22 Image size of job updated: 935956
	890  -  MemoryUsage of job (MB)
	910708  -  ResidentSetSize of job (KB)
...
006 (2046554.000.000) 03/20 01:22:22 Image size of job updated: 935956
	890  -  MemoryUsage of job (MB)
	910716  -  ResidentSetSize of job (KB)
...
006 (2046554.000.000) 03/20 01:27:23 Image size of job updated: 935956
	890  -  MemoryUsage of job (MB)
	910728  -  ResidentSetSize of job (KB)
...
006 (2046554.000.000) 03/20 01:32:23 Image size of job updated: 935956
	890  -  MemoryUsage of job (MB)
	910740  -  ResidentSetSize of job (KB)
...
006 (2046554.000.000) 03/20 01:37:23 Image size of job updated: 935956
	890  -  MemoryUsage of job (MB)
	910752  -  ResidentSetSize of job (KB)
...
006 (2046554.000.000) 03/20 01:42:24 Image size of job updated: 935956
	890  -  MemoryUsage of job (MB)
	910764  -  ResidentSetSize of job (KB)
...
006 (2046554.000.000) 03/20 01:47:25 Image size of job updated: 935956
	890  -  MemoryUsage of job (MB)
	910772  -  ResidentSetSize of job (KB)
...
006 (2046554.000.000) 03/20 01:52:25 Image size of job updated: 935956
	890  -  MemoryUsage of job (MB)
	910776  -  ResidentSetSize of job (KB)
...
005 (2046554.000.000) 03/20 01:57:20 Job terminated.
	(1) Normal termination (return value 0)
		Usr 0 03:43:11, Sys 0 00:04:38  -  Run Remote Usage
		Usr 0 00:00:00, Sys 0 00:00:00  -  Run Local Usage
		Usr 0 03:43:11, Sys 0 00:04:38  -  Total Remote Usage
		Usr 0 00:00:00, Sys 0 00:00:00  -  Total Local Usage
	0  -  Run Bytes Sent By Job
	0  -  Run Bytes Received By Job
	0  -  Total Bytes Sent By Job
	0  -  Total Bytes Received By Job
	Partitionable Resources :    Usage  Request Allocated
	   Cpus                 :                 1         1
	   Disk (KB)            :       10       10  65769226
	   Memory (MB)          :      890        1      2297
...
