000 (2046548.000.000) 03/19 22:11:08 Job submitted from host: <130.199.206.138:9618?addrs=130.199.206.138-9618&noUDP&sock=7204_1315_4>
...
001 (2046548.000.000) 03/19 22:11:28 Job executing on host: <130.199.203.178:9618?addrs=130.199.203.178-9618&noUDP&sock=59924_49fb_3>
...
006 (2046548.000.000) 03/19 22:11:37 Image size of job updated: 687552
	646  -  MemoryUsage of job (MB)
	661200  -  ResidentSetSize of job (KB)
...
006 (2046548.000.000) 03/19 22:16:38 Image size of job updated: 929776
	883  -  MemoryUsage of job (MB)
	903340  -  ResidentSetSize of job (KB)
...
006 (2046548.000.000) 03/19 22:21:38 Image size of job updated: 933628
	886  -  MemoryUsage of job (MB)
	907192  -  ResidentSetSize of job (KB)
...
006 (2046548.000.000) 03/19 22:26:44 Image size of job updated: 935408
	888  -  MemoryUsage of job (MB)
	908972  -  ResidentSetSize of job (KB)
...
006 (2046548.000.000) 03/19 22:31:39 Image size of job updated: 935484
	888  -  MemoryUsage of job (MB)
	909048  -  ResidentSetSize of job (KB)
...
006 (2046548.000.000) 03/19 23:01:43 Image size of job updated: 940160
	893  -  MemoryUsage of job (MB)
	914324  -  ResidentSetSize of job (KB)
...
006 (2046548.000.000) 03/19 23:06:44 Image size of job updated: 940228
	893  -  MemoryUsage of job (MB)
	914392  -  ResidentSetSize of job (KB)
...
006 (2046548.000.000) 03/19 23:11:45 Image size of job updated: 940316
	894  -  MemoryUsage of job (MB)
	914480  -  ResidentSetSize of job (KB)
...
006 (2046548.000.000) 03/19 23:16:45 Image size of job updated: 940452
	894  -  MemoryUsage of job (MB)
	914616  -  ResidentSetSize of job (KB)
...
006 (2046548.000.000) 03/19 23:31:46 Image size of job updated: 940500
	894  -  MemoryUsage of job (MB)
	914664  -  ResidentSetSize of job (KB)
...
006 (2046548.000.000) 03/19 23:36:46 Image size of job updated: 940536
	894  -  MemoryUsage of job (MB)
	914784  -  ResidentSetSize of job (KB)
...
006 (2046548.000.000) 03/19 23:41:47 Image size of job updated: 940692
	894  -  MemoryUsage of job (MB)
	915048  -  ResidentSetSize of job (KB)
...
006 (2046548.000.000) 03/20 00:21:52 Image size of job updated: 940692
	894  -  MemoryUsage of job (MB)
	915124  -  ResidentSetSize of job (KB)
...
006 (2046548.000.000) 03/20 02:02:01 Image size of job updated: 940692
	894  -  MemoryUsage of job (MB)
	915188  -  ResidentSetSize of job (KB)
...
006 (2046548.000.000) 03/20 02:07:02 Image size of job updated: 940692
	894  -  MemoryUsage of job (MB)
	915196  -  ResidentSetSize of job (KB)
...
006 (2046548.000.000) 03/20 02:12:03 Image size of job updated: 940692
	895  -  MemoryUsage of job (MB)
	915560  -  ResidentSetSize of job (KB)
...
006 (2046548.000.000) 03/20 02:17:03 Image size of job updated: 940692
	895  -  MemoryUsage of job (MB)
	915568  -  ResidentSetSize of job (KB)
...
006 (2046548.000.000) 03/20 02:22:04 Image size of job updated: 940692
	895  -  MemoryUsage of job (MB)
	915684  -  ResidentSetSize of job (KB)
...
006 (2046548.000.000) 03/20 02:27:05 Image size of job updated: 940692
	895  -  MemoryUsage of job (MB)
	915932  -  ResidentSetSize of job (KB)
...
006 (2046548.000.000) 03/20 02:37:06 Image size of job updated: 940692
	895  -  MemoryUsage of job (MB)
	915940  -  ResidentSetSize of job (KB)
...
006 (2046548.000.000) 03/20 02:47:07 Image size of job updated: 940692
	900  -  MemoryUsage of job (MB)
	920844  -  ResidentSetSize of job (KB)
...
006 (2046548.000.000) 03/20 02:48:14 Image size of job updated: 995212
	900  -  MemoryUsage of job (MB)
	920844  -  ResidentSetSize of job (KB)
...
005 (2046548.000.000) 03/20 02:48:15 Job terminated.
	(1) Normal termination (return value 0)
		Usr 0 04:27:14, Sys 0 00:04:37  -  Run Remote Usage
		Usr 0 00:00:00, Sys 0 00:00:00  -  Run Local Usage
		Usr 0 04:27:14, Sys 0 00:04:37  -  Total Remote Usage
		Usr 0 00:00:00, Sys 0 00:00:00  -  Total Local Usage
	0  -  Run Bytes Sent By Job
	0  -  Run Bytes Received By Job
	0  -  Total Bytes Sent By Job
	0  -  Total Bytes Received By Job
	Partitionable Resources :    Usage  Request Allocated
	   Cpus                 :                 1         1
	   Disk (KB)            :       10       10  41848105
	   Memory (MB)          :      900        1      2007
...
