000 (2046557.000.000) 03/19 22:11:08 Job submitted from host: <130.199.206.138:9618?addrs=130.199.206.138-9618&noUDP&sock=7204_1315_4>
...
001 (2046557.000.000) 03/19 22:11:30 Job executing on host: <130.199.203.202:9618?addrs=130.199.203.202-9618&noUDP&sock=45716_a2e8_3>
...
006 (2046557.000.000) 03/19 22:11:43 Image size of job updated: 868784
	823  -  MemoryUsage of job (MB)
	842332  -  ResidentSetSize of job (KB)
...
006 (2046557.000.000) 03/19 22:16:40 Image size of job updated: 904108
	858  -  MemoryUsage of job (MB)
	877656  -  ResidentSetSize of job (KB)
...
006 (2046557.000.000) 03/19 22:21:41 Image size of job updated: 915884
	869  -  MemoryUsage of job (MB)
	889432  -  ResidentSetSize of job (KB)
...
006 (2046557.000.000) 03/19 22:26:41 Image size of job updated: 918160
	871  -  MemoryUsage of job (MB)
	891708  -  ResidentSetSize of job (KB)
...
006 (2046557.000.000) 03/19 22:31:41 Image size of job updated: 919952
	873  -  MemoryUsage of job (MB)
	893492  -  ResidentSetSize of job (KB)
...
006 (2046557.000.000) 03/19 22:36:42 Image size of job updated: 919964
	873  -  MemoryUsage of job (MB)
	893492  -  ResidentSetSize of job (KB)
...
006 (2046557.000.000) 03/19 22:41:43 Image size of job updated: 920904
	873  -  MemoryUsage of job (MB)
	893492  -  ResidentSetSize of job (KB)
...
006 (2046557.000.000) 03/19 22:46:43 Image size of job updated: 920920
	873  -  MemoryUsage of job (MB)
	893492  -  ResidentSetSize of job (KB)
...
006 (2046557.000.000) 03/19 22:51:44 Image size of job updated: 927556
	873  -  MemoryUsage of job (MB)
	893492  -  ResidentSetSize of job (KB)
...
006 (2046557.000.000) 03/19 23:01:45 Image size of job updated: 927572
	873  -  MemoryUsage of job (MB)
	893492  -  ResidentSetSize of job (KB)
...
006 (2046557.000.000) 03/19 23:06:46 Image size of job updated: 927708
	873  -  MemoryUsage of job (MB)
	893492  -  ResidentSetSize of job (KB)
...
006 (2046557.000.000) 03/19 23:11:47 Image size of job updated: 927720
	873  -  MemoryUsage of job (MB)
	893492  -  ResidentSetSize of job (KB)
...
006 (2046557.000.000) 03/20 00:41:55 Image size of job updated: 927720
	875  -  MemoryUsage of job (MB)
	895096  -  ResidentSetSize of job (KB)
...
006 (2046557.000.000) 03/20 00:46:56 Image size of job updated: 927720
	875  -  MemoryUsage of job (MB)
	895112  -  ResidentSetSize of job (KB)
...
006 (2046557.000.000) 03/20 00:51:57 Image size of job updated: 927720
	875  -  MemoryUsage of job (MB)
	895128  -  ResidentSetSize of job (KB)
...
006 (2046557.000.000) 03/20 00:56:57 Image size of job updated: 927720
	875  -  MemoryUsage of job (MB)
	895204  -  ResidentSetSize of job (KB)
...
006 (2046557.000.000) 03/20 01:01:58 Image size of job updated: 927720
	875  -  MemoryUsage of job (MB)
	895280  -  ResidentSetSize of job (KB)
...
006 (2046557.000.000) 03/20 01:06:59 Image size of job updated: 927720
	875  -  MemoryUsage of job (MB)
	895288  -  ResidentSetSize of job (KB)
...
006 (2046557.000.000) 03/20 01:11:59 Image size of job updated: 927720
	875  -  MemoryUsage of job (MB)
	895300  -  ResidentSetSize of job (KB)
...
006 (2046557.000.000) 03/20 01:16:59 Image size of job updated: 927720
	875  -  MemoryUsage of job (MB)
	895308  -  ResidentSetSize of job (KB)
...
006 (2046557.000.000) 03/20 01:22:00 Image size of job updated: 927720
	875  -  MemoryUsage of job (MB)
	895320  -  ResidentSetSize of job (KB)
...
006 (2046557.000.000) 03/20 01:27:00 Image size of job updated: 927720
	875  -  MemoryUsage of job (MB)
	895412  -  ResidentSetSize of job (KB)
...
006 (2046557.000.000) 03/20 01:32:00 Image size of job updated: 927720
	875  -  MemoryUsage of job (MB)
	895432  -  ResidentSetSize of job (KB)
...
006 (2046557.000.000) 03/20 01:37:02 Image size of job updated: 927720
	875  -  MemoryUsage of job (MB)
	895448  -  ResidentSetSize of job (KB)
...
006 (2046557.000.000) 03/20 01:42:02 Image size of job updated: 927720
	875  -  MemoryUsage of job (MB)
	895460  -  ResidentSetSize of job (KB)
...
006 (2046557.000.000) 03/20 01:47:02 Image size of job updated: 927720
	875  -  MemoryUsage of job (MB)
	895484  -  ResidentSetSize of job (KB)
...
006 (2046557.000.000) 03/20 01:52:03 Image size of job updated: 927720
	875  -  MemoryUsage of job (MB)
	895492  -  ResidentSetSize of job (KB)
...
006 (2046557.000.000) 03/20 01:57:04 Image size of job updated: 927720
	875  -  MemoryUsage of job (MB)
	895512  -  ResidentSetSize of job (KB)
...
006 (2046557.000.000) 03/20 02:02:04 Image size of job updated: 927720
	875  -  MemoryUsage of job (MB)
	895532  -  ResidentSetSize of job (KB)
...
006 (2046557.000.000) 03/20 02:07:05 Image size of job updated: 929884
	881  -  MemoryUsage of job (MB)
	901240  -  ResidentSetSize of job (KB)
...
006 (2046557.000.000) 03/20 02:12:06 Image size of job updated: 929884
	881  -  MemoryUsage of job (MB)
	901252  -  ResidentSetSize of job (KB)
...
006 (2046557.000.000) 03/20 02:17:06 Image size of job updated: 937616
	888  -  MemoryUsage of job (MB)
	908988  -  ResidentSetSize of job (KB)
...
006 (2046557.000.000) 03/20 02:27:08 Image size of job updated: 937616
	888  -  MemoryUsage of job (MB)
	909080  -  ResidentSetSize of job (KB)
...
006 (2046557.000.000) 03/20 02:32:08 Image size of job updated: 937616
	888  -  MemoryUsage of job (MB)
	909084  -  ResidentSetSize of job (KB)
...
006 (2046557.000.000) 03/20 02:39:18 Image size of job updated: 944920
	888  -  MemoryUsage of job (MB)
	909084  -  ResidentSetSize of job (KB)
...
005 (2046557.000.000) 03/20 02:39:18 Job terminated.
	(1) Normal termination (return value 0)
		Usr 0 04:23:35, Sys 0 00:04:41  -  Run Remote Usage
		Usr 0 00:00:00, Sys 0 00:00:00  -  Run Local Usage
		Usr 0 04:23:35, Sys 0 00:04:41  -  Total Remote Usage
		Usr 0 00:00:00, Sys 0 00:00:00  -  Total Local Usage
	0  -  Run Bytes Sent By Job
	0  -  Run Bytes Received By Job
	0  -  Total Bytes Sent By Job
	0  -  Total Bytes Received By Job
	Partitionable Resources :    Usage  Request Allocated
	   Cpus                 :                 1         1
	   Disk (KB)            :       10       10  41848169
	   Memory (MB)          :      888        1      2007
...
