000 (2046542.000.000) 03/19 22:11:08 Job submitted from host: <130.199.206.138:9618?addrs=130.199.206.138-9618&noUDP&sock=7204_1315_4>
...
001 (2046542.000.000) 03/19 22:11:55 Job executing on host: <130.199.202.87:9618?addrs=130.199.202.87-9618&noUDP&sock=193671_86ac_3>
...
006 (2046542.000.000) 03/19 22:12:05 Image size of job updated: 868412
	823  -  MemoryUsage of job (MB)
	841976  -  ResidentSetSize of job (KB)
...
006 (2046542.000.000) 03/19 22:17:05 Image size of job updated: 921608
	875  -  MemoryUsage of job (MB)
	895172  -  ResidentSetSize of job (KB)
...
006 (2046542.000.000) 03/19 22:22:05 Image size of job updated: 931424
	885  -  MemoryUsage of job (MB)
	905500  -  ResidentSetSize of job (KB)
...
006 (2046542.000.000) 03/19 22:27:06 Image size of job updated: 931424
	886  -  MemoryUsage of job (MB)
	906468  -  ResidentSetSize of job (KB)
...
006 (2046542.000.000) 03/19 22:32:07 Image size of job updated: 931424
	887  -  MemoryUsage of job (MB)
	908188  -  ResidentSetSize of job (KB)
...
006 (2046542.000.000) 03/19 23:22:13 Image size of job updated: 931424
	889  -  MemoryUsage of job (MB)
	910032  -  ResidentSetSize of job (KB)
...
006 (2046542.000.000) 03/19 23:27:13 Image size of job updated: 931424
	889  -  MemoryUsage of job (MB)
	910044  -  ResidentSetSize of job (KB)
...
006 (2046542.000.000) 03/19 23:32:14 Image size of job updated: 931424
	889  -  MemoryUsage of job (MB)
	910052  -  ResidentSetSize of job (KB)
...
006 (2046542.000.000) 03/19 23:37:15 Image size of job updated: 931424
	889  -  MemoryUsage of job (MB)
	910068  -  ResidentSetSize of job (KB)
...
006 (2046542.000.000) 03/19 23:42:15 Image size of job updated: 931424
	889  -  MemoryUsage of job (MB)
	910156  -  ResidentSetSize of job (KB)
...
006 (2046542.000.000) 03/20 00:02:16 Image size of job updated: 931424
	892  -  MemoryUsage of job (MB)
	913360  -  ResidentSetSize of job (KB)
...
006 (2046542.000.000) 03/20 00:07:17 Image size of job updated: 931424
	892  -  MemoryUsage of job (MB)
	913372  -  ResidentSetSize of job (KB)
...
006 (2046542.000.000) 03/20 00:12:18 Image size of job updated: 931424
	892  -  MemoryUsage of job (MB)
	913380  -  ResidentSetSize of job (KB)
...
006 (2046542.000.000) 03/20 00:17:18 Image size of job updated: 931424
	892  -  MemoryUsage of job (MB)
	913400  -  ResidentSetSize of job (KB)
...
006 (2046542.000.000) 03/20 00:27:20 Image size of job updated: 931424
	893  -  MemoryUsage of job (MB)
	913412  -  ResidentSetSize of job (KB)
...
006 (2046542.000.000) 03/20 00:32:20 Image size of job updated: 931424
	893  -  MemoryUsage of job (MB)
	913424  -  ResidentSetSize of job (KB)
...
006 (2046542.000.000) 03/20 00:37:21 Image size of job updated: 931424
	893  -  MemoryUsage of job (MB)
	913436  -  ResidentSetSize of job (KB)
...
006 (2046542.000.000) 03/20 00:42:22 Image size of job updated: 931424
	893  -  MemoryUsage of job (MB)
	913444  -  ResidentSetSize of job (KB)
...
006 (2046542.000.000) 03/20 00:47:22 Image size of job updated: 931424
	893  -  MemoryUsage of job (MB)
	913456  -  ResidentSetSize of job (KB)
...
006 (2046542.000.000) 03/20 00:52:22 Image size of job updated: 931424
	893  -  MemoryUsage of job (MB)
	913468  -  ResidentSetSize of job (KB)
...
006 (2046542.000.000) 03/20 00:57:23 Image size of job updated: 931424
	893  -  MemoryUsage of job (MB)
	913484  -  ResidentSetSize of job (KB)
...
006 (2046542.000.000) 03/20 01:02:23 Image size of job updated: 931424
	893  -  MemoryUsage of job (MB)
	913496  -  ResidentSetSize of job (KB)
...
006 (2046542.000.000) 03/20 01:07:23 Image size of job updated: 931424
	893  -  MemoryUsage of job (MB)
	913500  -  ResidentSetSize of job (KB)
...
006 (2046542.000.000) 03/20 01:12:24 Image size of job updated: 931424
	893  -  MemoryUsage of job (MB)
	913512  -  ResidentSetSize of job (KB)
...
006 (2046542.000.000) 03/20 01:17:25 Image size of job updated: 931424
	893  -  MemoryUsage of job (MB)
	913524  -  ResidentSetSize of job (KB)
...
006 (2046542.000.000) 03/20 01:22:25 Image size of job updated: 931424
	893  -  MemoryUsage of job (MB)
	913540  -  ResidentSetSize of job (KB)
...
006 (2046542.000.000) 03/20 01:32:27 Image size of job updated: 931424
	893  -  MemoryUsage of job (MB)
	913544  -  ResidentSetSize of job (KB)
...
006 (2046542.000.000) 03/20 01:37:27 Image size of job updated: 931424
	893  -  MemoryUsage of job (MB)
	913552  -  ResidentSetSize of job (KB)
...
006 (2046542.000.000) 03/20 01:42:28 Image size of job updated: 931424
	893  -  MemoryUsage of job (MB)
	913828  -  ResidentSetSize of job (KB)
...
006 (2046542.000.000) 03/20 02:02:30 Image size of job updated: 931424
	897  -  MemoryUsage of job (MB)
	917588  -  ResidentSetSize of job (KB)
...
006 (2046542.000.000) 03/20 02:07:30 Image size of job updated: 931424
	897  -  MemoryUsage of job (MB)
	917592  -  ResidentSetSize of job (KB)
...
006 (2046542.000.000) 03/20 02:12:30 Image size of job updated: 968660
	940  -  MemoryUsage of job (MB)
	961760  -  ResidentSetSize of job (KB)
...
006 (2046542.000.000) 03/20 02:12:37 Image size of job updated: 968660
	940  -  MemoryUsage of job (MB)
	961784  -  ResidentSetSize of job (KB)
...
005 (2046542.000.000) 03/20 02:12:37 Job terminated.
	(1) Normal termination (return value 0)
		Usr 0 03:57:20, Sys 0 00:04:50  -  Run Remote Usage
		Usr 0 00:00:00, Sys 0 00:00:00  -  Run Local Usage
		Usr 0 03:57:20, Sys 0 00:04:50  -  Total Remote Usage
		Usr 0 00:00:00, Sys 0 00:00:00  -  Total Local Usage
	0  -  Run Bytes Sent By Job
	0  -  Run Bytes Received By Job
	0  -  Total Bytes Sent By Job
	0  -  Total Bytes Received By Job
	Partitionable Resources :    Usage  Request Allocated
	   Cpus                 :                 1         1
	   Disk (KB)            :       10       10  65769284
	   Memory (MB)          :      940        1      2297
...
