000 (2046544.000.000) 03/19 22:11:08 Job submitted from host: <130.199.206.138:9618?addrs=130.199.206.138-9618&noUDP&sock=7204_1315_4>
...
001 (2046544.000.000) 03/19 22:11:27 Job executing on host: <130.199.202.42:9618?addrs=130.199.202.42-9618&noUDP&sock=37944_e57f_3>
...
006 (2046544.000.000) 03/19 22:11:36 Image size of job updated: 92664
	65  -  MemoryUsage of job (MB)
	66316  -  ResidentSetSize of job (KB)
...
006 (2046544.000.000) 03/19 22:16:37 Image size of job updated: 925524
	878  -  MemoryUsage of job (MB)
	899048  -  ResidentSetSize of job (KB)
...
006 (2046544.000.000) 03/19 22:21:37 Image size of job updated: 930260
	883  -  MemoryUsage of job (MB)
	903784  -  ResidentSetSize of job (KB)
...
006 (2046544.000.000) 03/19 22:26:37 Image size of job updated: 932236
	885  -  MemoryUsage of job (MB)
	905760  -  ResidentSetSize of job (KB)
...
006 (2046544.000.000) 03/19 22:31:38 Image size of job updated: 932308
	885  -  MemoryUsage of job (MB)
	905832  -  ResidentSetSize of job (KB)
...
006 (2046544.000.000) 03/19 22:36:39 Image size of job updated: 932320
	885  -  MemoryUsage of job (MB)
	905844  -  ResidentSetSize of job (KB)
...
006 (2046544.000.000) 03/19 22:41:39 Image size of job updated: 937132
	890  -  MemoryUsage of job (MB)
	910656  -  ResidentSetSize of job (KB)
...
006 (2046544.000.000) 03/19 22:46:40 Image size of job updated: 937184
	890  -  MemoryUsage of job (MB)
	910704  -  ResidentSetSize of job (KB)
...
006 (2046544.000.000) 03/19 22:51:41 Image size of job updated: 937196
	890  -  MemoryUsage of job (MB)
	910704  -  ResidentSetSize of job (KB)
...
006 (2046544.000.000) 03/19 22:56:41 Image size of job updated: 937644
	890  -  MemoryUsage of job (MB)
	910816  -  ResidentSetSize of job (KB)
...
006 (2046544.000.000) 03/19 23:01:42 Image size of job updated: 937648
	890  -  MemoryUsage of job (MB)
	910820  -  ResidentSetSize of job (KB)
...
006 (2046544.000.000) 03/19 23:06:43 Image size of job updated: 937664
	890  -  MemoryUsage of job (MB)
	910836  -  ResidentSetSize of job (KB)
...
006 (2046544.000.000) 03/19 23:11:43 Image size of job updated: 937668
	890  -  MemoryUsage of job (MB)
	910840  -  ResidentSetSize of job (KB)
...
006 (2046544.000.000) 03/19 23:16:44 Image size of job updated: 937684
	890  -  MemoryUsage of job (MB)
	910856  -  ResidentSetSize of job (KB)
...
006 (2046544.000.000) 03/19 23:21:45 Image size of job updated: 937956
	890  -  MemoryUsage of job (MB)
	911128  -  ResidentSetSize of job (KB)
...
006 (2046544.000.000) 03/19 23:26:45 Image size of job updated: 937956
	890  -  MemoryUsage of job (MB)
	911132  -  ResidentSetSize of job (KB)
...
006 (2046544.000.000) 03/20 00:06:49 Image size of job updated: 937956
	890  -  MemoryUsage of job (MB)
	911144  -  ResidentSetSize of job (KB)
...
006 (2046544.000.000) 03/20 00:21:51 Image size of job updated: 938440
	891  -  MemoryUsage of job (MB)
	911492  -  ResidentSetSize of job (KB)
...
006 (2046544.000.000) 03/20 00:26:52 Image size of job updated: 938448
	891  -  MemoryUsage of job (MB)
	911492  -  ResidentSetSize of job (KB)
...
006 (2046544.000.000) 03/20 00:31:52 Image size of job updated: 938464
	891  -  MemoryUsage of job (MB)
	911492  -  ResidentSetSize of job (KB)
...
006 (2046544.000.000) 03/20 00:36:52 Image size of job updated: 938468
	891  -  MemoryUsage of job (MB)
	911492  -  ResidentSetSize of job (KB)
...
006 (2046544.000.000) 03/20 01:11:55 Image size of job updated: 938468
	891  -  MemoryUsage of job (MB)
	912236  -  ResidentSetSize of job (KB)
...
006 (2046544.000.000) 03/20 01:16:56 Image size of job updated: 938468
	891  -  MemoryUsage of job (MB)
	912368  -  ResidentSetSize of job (KB)
...
005 (2046544.000.000) 03/20 02:49:51 Job terminated.
	(1) Normal termination (return value 0)
		Usr 0 04:32:20, Sys 0 00:05:13  -  Run Remote Usage
		Usr 0 00:00:00, Sys 0 00:00:00  -  Run Local Usage
		Usr 0 04:32:20, Sys 0 00:05:13  -  Total Remote Usage
		Usr 0 00:00:00, Sys 0 00:00:00  -  Total Local Usage
	0  -  Run Bytes Sent By Job
	0  -  Run Bytes Received By Job
	0  -  Total Bytes Sent By Job
	0  -  Total Bytes Received By Job
	Partitionable Resources :    Usage  Request Allocated
	   Cpus                 :                 1         1
	   Disk (KB)            :       10       10  65766933
	   Memory (MB)          :      891        1      2008
...
