000 (2046537.000.000) 03/19 22:11:08 Job submitted from host: <130.199.206.138:9618?addrs=130.199.206.138-9618&noUDP&sock=7204_1315_4>
...
001 (2046537.000.000) 03/19 22:11:25 Job executing on host: <130.199.202.110:9618?addrs=130.199.202.110-9618&noUDP&sock=93858_f8bb_3>
...
006 (2046537.000.000) 03/19 22:11:34 Image size of job updated: 857604
	812  -  MemoryUsage of job (MB)
	831216  -  ResidentSetSize of job (KB)
...
006 (2046537.000.000) 03/19 22:16:35 Image size of job updated: 918280
	871  -  MemoryUsage of job (MB)
	891840  -  ResidentSetSize of job (KB)
...
006 (2046537.000.000) 03/19 22:21:35 Image size of job updated: 922644
	876  -  MemoryUsage of job (MB)
	896204  -  ResidentSetSize of job (KB)
...
006 (2046537.000.000) 03/19 22:26:36 Image size of job updated: 937412
	890  -  MemoryUsage of job (MB)
	910972  -  ResidentSetSize of job (KB)
...
006 (2046537.000.000) 03/19 22:31:37 Image size of job updated: 937500
	890  -  MemoryUsage of job (MB)
	911060  -  ResidentSetSize of job (KB)
...
006 (2046537.000.000) 03/19 22:36:37 Image size of job updated: 937516
	890  -  MemoryUsage of job (MB)
	911076  -  ResidentSetSize of job (KB)
...
006 (2046537.000.000) 03/19 22:41:37 Image size of job updated: 937592
	890  -  MemoryUsage of job (MB)
	911152  -  ResidentSetSize of job (KB)
...
006 (2046537.000.000) 03/19 22:46:38 Image size of job updated: 937676
	890  -  MemoryUsage of job (MB)
	911236  -  ResidentSetSize of job (KB)
...
006 (2046537.000.000) 03/19 22:51:39 Image size of job updated: 939464
	892  -  MemoryUsage of job (MB)
	913024  -  ResidentSetSize of job (KB)
...
006 (2046537.000.000) 03/20 00:46:50 Image size of job updated: 939464
	893  -  MemoryUsage of job (MB)
	913872  -  ResidentSetSize of job (KB)
...
006 (2046537.000.000) 03/20 00:51:50 Image size of job updated: 939464
	893  -  MemoryUsage of job (MB)
	913888  -  ResidentSetSize of job (KB)
...
006 (2046537.000.000) 03/20 00:56:50 Image size of job updated: 939464
	893  -  MemoryUsage of job (MB)
	913904  -  ResidentSetSize of job (KB)
...
006 (2046537.000.000) 03/20 01:01:51 Image size of job updated: 939464
	893  -  MemoryUsage of job (MB)
	913920  -  ResidentSetSize of job (KB)
...
006 (2046537.000.000) 03/20 01:06:52 Image size of job updated: 939464
	893  -  MemoryUsage of job (MB)
	914104  -  ResidentSetSize of job (KB)
...
006 (2046537.000.000) 03/20 01:11:52 Image size of job updated: 939464
	893  -  MemoryUsage of job (MB)
	914112  -  ResidentSetSize of job (KB)
...
006 (2046537.000.000) 03/20 01:16:52 Image size of job updated: 939464
	893  -  MemoryUsage of job (MB)
	914132  -  ResidentSetSize of job (KB)
...
006 (2046537.000.000) 03/20 01:21:53 Image size of job updated: 939464
	893  -  MemoryUsage of job (MB)
	914148  -  ResidentSetSize of job (KB)
...
006 (2046537.000.000) 03/20 01:26:53 Image size of job updated: 939464
	893  -  MemoryUsage of job (MB)
	914164  -  ResidentSetSize of job (KB)
...
006 (2046537.000.000) 03/20 01:36:54 Image size of job updated: 939464
	893  -  MemoryUsage of job (MB)
	914180  -  ResidentSetSize of job (KB)
...
005 (2046537.000.000) 03/20 01:40:16 Job terminated.
	(1) Normal termination (return value 0)
		Usr 0 03:21:06, Sys 0 00:06:23  -  Run Remote Usage
		Usr 0 00:00:00, Sys 0 00:00:00  -  Run Local Usage
		Usr 0 03:21:06, Sys 0 00:06:23  -  Total Remote Usage
		Usr 0 00:00:00, Sys 0 00:00:00  -  Total Local Usage
	0  -  Run Bytes Sent By Job
	0  -  Run Bytes Received By Job
	0  -  Total Bytes Sent By Job
	0  -  Total Bytes Received By Job
	Partitionable Resources :    Usage  Request Allocated
	   Cpus                 :                 1         1
	   Disk (KB)            :       10       10  66991603
	   Memory (MB)          :      893        1      2665
...
